{"/Users/charkie/LFA/lap4/project/fe/front-end/src/App.jsx": {"path":"/Users/charkie/LFA/lap4/project/fe/front-end/src/App.jsx","all":false,"statementMap":{"0":{"start":{"line":1,"column":0},"end":{"line":1,"column":53}},"1":{"start":{"line":2,"column":0},"end":{"line":2,"column":18}},"2":{"start":{"line":3,"column":0},"end":{"line":3,"column":42}},"3":{"start":{"line":4,"column":0},"end":{"line":4,"column":35}},"4":{"start":{"line":5,"column":0},"end":{"line":5,"column":48}},"5":{"start":{"line":6,"column":0},"end":{"line":6,"column":65}},"6":{"start":{"line":7,"column":0},"end":{"line":7,"column":0}},"7":{"start":{"line":8,"column":0},"end":{"line":8,"column":46}},"8":{"start":{"line":9,"column":0},"end":{"line":9,"column":50}},"9":{"start":{"line":10,"column":0},"end":{"line":10,"column":0}},"10":{"start":{"line":11,"column":0},"end":{"line":11,"column":43}},"11":{"start":{"line":12,"column":0},"end":{"line":12,"column":0}},"12":{"start":{"line":13,"column":0},"end":{"line":13,"column":147}},"13":{"start":{"line":14,"column":0},"end":{"line":14,"column":0}},"14":{"start":{"line":15,"column":0},"end":{"line":15,"column":55}},"15":{"start":{"line":16,"column":0},"end":{"line":16,"column":73}},"16":{"start":{"line":17,"column":0},"end":{"line":17,"column":61}},"17":{"start":{"line":18,"column":0},"end":{"line":18,"column":42}},"18":{"start":{"line":19,"column":0},"end":{"line":19,"column":0}},"19":{"start":{"line":20,"column":0},"end":{"line":20,"column":68}},"20":{"start":{"line":21,"column":0},"end":{"line":21,"column":46}},"21":{"start":{"line":22,"column":0},"end":{"line":22,"column":87}},"22":{"start":{"line":23,"column":0},"end":{"line":23,"column":0}},"23":{"start":{"line":24,"column":0},"end":{"line":24,"column":50}},"24":{"start":{"line":25,"column":0},"end":{"line":25,"column":0}},"25":{"start":{"line":26,"column":0},"end":{"line":26,"column":21}},"26":{"start":{"line":27,"column":0},"end":{"line":27,"column":63}},"27":{"start":{"line":28,"column":0},"end":{"line":28,"column":1}},"28":{"start":{"line":29,"column":0},"end":{"line":29,"column":0}},"29":{"start":{"line":30,"column":0},"end":{"line":30,"column":0}},"30":{"start":{"line":31,"column":0},"end":{"line":31,"column":16}},"31":{"start":{"line":32,"column":0},"end":{"line":32,"column":9}},"32":{"start":{"line":33,"column":0},"end":{"line":33,"column":16}},"33":{"start":{"line":34,"column":0},"end":{"line":34,"column":20}},"34":{"start":{"line":35,"column":0},"end":{"line":35,"column":10}},"35":{"start":{"line":36,"column":0},"end":{"line":36,"column":0}},"36":{"start":{"line":37,"column":0},"end":{"line":37,"column":27}},"37":{"start":{"line":38,"column":0},"end":{"line":38,"column":10}},"38":{"start":{"line":39,"column":0},"end":{"line":39,"column":19}},"39":{"start":{"line":40,"column":0},"end":{"line":40,"column":37}},"40":{"start":{"line":41,"column":0},"end":{"line":41,"column":29}},"41":{"start":{"line":42,"column":0},"end":{"line":42,"column":28}},"42":{"start":{"line":43,"column":0},"end":{"line":43,"column":20}},"43":{"start":{"line":44,"column":0},"end":{"line":44,"column":4}},"44":{"start":{"line":45,"column":0},"end":{"line":45,"column":18}},"45":{"start":{"line":46,"column":0},"end":{"line":46,"column":14}},"46":{"start":{"line":47,"column":0},"end":{"line":47,"column":16}},"47":{"start":{"line":48,"column":0},"end":{"line":48,"column":41}},"48":{"start":{"line":49,"column":0},"end":{"line":49,"column":0}},"49":{"start":{"line":50,"column":0},"end":{"line":50,"column":53}},"50":{"start":{"line":51,"column":0},"end":{"line":51,"column":61}},"51":{"start":{"line":52,"column":0},"end":{"line":52,"column":55}},"52":{"start":{"line":53,"column":0},"end":{"line":53,"column":55}},"53":{"start":{"line":54,"column":0},"end":{"line":54,"column":61}},"54":{"start":{"line":55,"column":0},"end":{"line":55,"column":64}},"55":{"start":{"line":56,"column":0},"end":{"line":56,"column":51}},"56":{"start":{"line":57,"column":0},"end":{"line":57,"column":51}},"57":{"start":{"line":58,"column":0},"end":{"line":58,"column":48}},"58":{"start":{"line":59,"column":0},"end":{"line":59,"column":107}},"59":{"start":{"line":60,"column":0},"end":{"line":60,"column":25}},"60":{"start":{"line":61,"column":0},"end":{"line":61,"column":58}},"61":{"start":{"line":62,"column":0},"end":{"line":62,"column":46}},"62":{"start":{"line":63,"column":0},"end":{"line":63,"column":53}},"63":{"start":{"line":64,"column":0},"end":{"line":64,"column":49}},"64":{"start":{"line":65,"column":0},"end":{"line":65,"column":62}},"65":{"start":{"line":66,"column":0},"end":{"line":66,"column":60}},"66":{"start":{"line":67,"column":0},"end":{"line":67,"column":57}},"67":{"start":{"line":68,"column":0},"end":{"line":68,"column":12}},"68":{"start":{"line":69,"column":0},"end":{"line":69,"column":9}},"69":{"start":{"line":70,"column":0},"end":{"line":70,"column":17}},"70":{"start":{"line":71,"column":0},"end":{"line":71,"column":15}},"71":{"start":{"line":72,"column":0},"end":{"line":72,"column":3}},"72":{"start":{"line":73,"column":0},"end":{"line":73,"column":1}},"73":{"start":{"line":74,"column":0},"end":{"line":74,"column":0}},"74":{"start":{"line":75,"column":0},"end":{"line":75,"column":18}}},"s":{"0":1,"1":1,"2":1,"3":1,"4":1,"5":1,"6":1,"7":1,"8":1,"9":1,"10":1,"11":1,"12":1,"13":1,"14":1,"15":1,"16":1,"17":1,"18":1,"19":1,"20":1,"21":1,"22":1,"23":1,"24":1,"25":0,"26":0,"27":0,"28":1,"29":1,"30":0,"31":0,"32":0,"33":0,"34":0,"35":0,"36":0,"37":0,"38":0,"39":0,"40":0,"41":0,"42":0,"43":0,"44":0,"45":0,"46":0,"47":0,"48":0,"49":0,"50":0,"51":0,"52":0,"53":0,"54":0,"55":0,"56":0,"57":0,"58":0,"59":0,"60":0,"61":0,"62":0,"63":0,"64":0,"65":0,"66":0,"67":0,"68":0,"69":0,"70":0,"71":0,"72":0,"73":1,"74":1},"branchMap":{},"b":{},"fnMap":{"0":{"name":"MyMarker","decl":{"start":{"line":26,"column":0},"end":{"line":28,"column":1}},"loc":{"start":{"line":26,"column":0},"end":{"line":28,"column":1}},"line":26},"1":{"name":"App","decl":{"start":{"line":31,"column":0},"end":{"line":73,"column":1}},"loc":{"start":{"line":31,"column":0},"end":{"line":73,"column":1}},"line":31}},"f":{"0":0,"1":0}}
,"/Users/charkie/LFA/lap4/project/fe/front-end/src/assets/countrylist.js": {"path":"/Users/charkie/LFA/lap4/project/fe/front-end/src/assets/countrylist.js","all":false,"statementMap":{"0":{"start":{"line":1,"column":0},"end":{"line":1,"column":21}},"1":{"start":{"line":2,"column":0},"end":{"line":2,"column":2}},"2":{"start":{"line":3,"column":0},"end":{"line":3,"column":28}},"3":{"start":{"line":4,"column":0},"end":{"line":4,"column":14}},"4":{"start":{"line":5,"column":0},"end":{"line":5,"column":17}},"5":{"start":{"line":6,"column":0},"end":{"line":6,"column":30}},"6":{"start":{"line":7,"column":0},"end":{"line":7,"column":89}},"7":{"start":{"line":8,"column":0},"end":{"line":8,"column":3}},"8":{"start":{"line":9,"column":0},"end":{"line":9,"column":2}},"9":{"start":{"line":10,"column":0},"end":{"line":10,"column":19}},"10":{"start":{"line":11,"column":0},"end":{"line":11,"column":14}},"11":{"start":{"line":12,"column":0},"end":{"line":12,"column":17}},"12":{"start":{"line":13,"column":0},"end":{"line":13,"column":30}},"13":{"start":{"line":14,"column":0},"end":{"line":14,"column":89}},"14":{"start":{"line":15,"column":0},"end":{"line":15,"column":3}},"15":{"start":{"line":16,"column":0},"end":{"line":16,"column":2}},"16":{"start":{"line":17,"column":0},"end":{"line":17,"column":32}},"17":{"start":{"line":18,"column":0},"end":{"line":18,"column":14}},"18":{"start":{"line":19,"column":0},"end":{"line":19,"column":17}},"19":{"start":{"line":20,"column":0},"end":{"line":20,"column":30}},"20":{"start":{"line":21,"column":0},"end":{"line":21,"column":89}},"21":{"start":{"line":22,"column":0},"end":{"line":22,"column":3}},"22":{"start":{"line":23,"column":0},"end":{"line":23,"column":2}},"23":{"start":{"line":24,"column":0},"end":{"line":24,"column":23}},"24":{"start":{"line":25,"column":0},"end":{"line":25,"column":14}},"25":{"start":{"line":26,"column":0},"end":{"line":26,"column":17}},"26":{"start":{"line":27,"column":0},"end":{"line":27,"column":30}},"27":{"start":{"line":28,"column":0},"end":{"line":28,"column":89}},"28":{"start":{"line":29,"column":0},"end":{"line":29,"column":3}},"29":{"start":{"line":30,"column":0},"end":{"line":30,"column":2}},"30":{"start":{"line":31,"column":0},"end":{"line":31,"column":29}},"31":{"start":{"line":32,"column":0},"end":{"line":32,"column":14}},"32":{"start":{"line":33,"column":0},"end":{"line":33,"column":17}},"33":{"start":{"line":34,"column":0},"end":{"line":34,"column":30}},"34":{"start":{"line":35,"column":0},"end":{"line":35,"column":89}},"35":{"start":{"line":36,"column":0},"end":{"line":36,"column":3}},"36":{"start":{"line":37,"column":0},"end":{"line":37,"column":2}},"37":{"start":{"line":38,"column":0},"end":{"line":38,"column":20}},"38":{"start":{"line":39,"column":0},"end":{"line":39,"column":14}},"39":{"start":{"line":40,"column":0},"end":{"line":40,"column":17}},"40":{"start":{"line":41,"column":0},"end":{"line":41,"column":30}},"41":{"start":{"line":42,"column":0},"end":{"line":42,"column":89}},"42":{"start":{"line":43,"column":0},"end":{"line":43,"column":3}},"43":{"start":{"line":44,"column":0},"end":{"line":44,"column":2}},"44":{"start":{"line":45,"column":0},"end":{"line":45,"column":19}},"45":{"start":{"line":46,"column":0},"end":{"line":46,"column":14}},"46":{"start":{"line":47,"column":0},"end":{"line":47,"column":17}},"47":{"start":{"line":48,"column":0},"end":{"line":48,"column":30}},"48":{"start":{"line":49,"column":0},"end":{"line":49,"column":89}},"49":{"start":{"line":50,"column":0},"end":{"line":50,"column":3}},"50":{"start":{"line":51,"column":0},"end":{"line":51,"column":2}},"51":{"start":{"line":52,"column":0},"end":{"line":52,"column":19}},"52":{"start":{"line":53,"column":0},"end":{"line":53,"column":14}},"53":{"start":{"line":54,"column":0},"end":{"line":54,"column":17}},"54":{"start":{"line":55,"column":0},"end":{"line":55,"column":30}},"55":{"start":{"line":56,"column":0},"end":{"line":56,"column":89}},"56":{"start":{"line":57,"column":0},"end":{"line":57,"column":3}},"57":{"start":{"line":58,"column":0},"end":{"line":58,"column":2}},"58":{"start":{"line":59,"column":0},"end":{"line":59,"column":18}},"59":{"start":{"line":60,"column":0},"end":{"line":60,"column":14}},"60":{"start":{"line":61,"column":0},"end":{"line":61,"column":17}},"61":{"start":{"line":62,"column":0},"end":{"line":62,"column":30}},"62":{"start":{"line":63,"column":0},"end":{"line":63,"column":89}},"63":{"start":{"line":64,"column":0},"end":{"line":64,"column":3}},"64":{"start":{"line":65,"column":0},"end":{"line":65,"column":2}},"65":{"start":{"line":66,"column":0},"end":{"line":66,"column":22}},"66":{"start":{"line":67,"column":0},"end":{"line":67,"column":14}},"67":{"start":{"line":68,"column":0},"end":{"line":68,"column":17}},"68":{"start":{"line":69,"column":0},"end":{"line":69,"column":30}},"69":{"start":{"line":70,"column":0},"end":{"line":70,"column":89}},"70":{"start":{"line":71,"column":0},"end":{"line":71,"column":3}},"71":{"start":{"line":72,"column":0},"end":{"line":72,"column":2}},"72":{"start":{"line":73,"column":0},"end":{"line":73,"column":21}},"73":{"start":{"line":74,"column":0},"end":{"line":74,"column":14}},"74":{"start":{"line":75,"column":0},"end":{"line":75,"column":17}},"75":{"start":{"line":76,"column":0},"end":{"line":76,"column":30}},"76":{"start":{"line":77,"column":0},"end":{"line":77,"column":89}},"77":{"start":{"line":78,"column":0},"end":{"line":78,"column":3}},"78":{"start":{"line":79,"column":0},"end":{"line":79,"column":2}},"79":{"start":{"line":80,"column":0},"end":{"line":80,"column":26}},"80":{"start":{"line":81,"column":0},"end":{"line":81,"column":14}},"81":{"start":{"line":82,"column":0},"end":{"line":82,"column":17}},"82":{"start":{"line":83,"column":0},"end":{"line":83,"column":30}},"83":{"start":{"line":84,"column":0},"end":{"line":84,"column":89}},"84":{"start":{"line":85,"column":0},"end":{"line":85,"column":3}},"85":{"start":{"line":86,"column":0},"end":{"line":86,"column":2}},"86":{"start":{"line":87,"column":0},"end":{"line":87,"column":19}},"87":{"start":{"line":88,"column":0},"end":{"line":88,"column":14}},"88":{"start":{"line":89,"column":0},"end":{"line":89,"column":17}},"89":{"start":{"line":90,"column":0},"end":{"line":90,"column":30}},"90":{"start":{"line":91,"column":0},"end":{"line":91,"column":89}},"91":{"start":{"line":92,"column":0},"end":{"line":92,"column":3}},"92":{"start":{"line":93,"column":0},"end":{"line":93,"column":2}},"93":{"start":{"line":94,"column":0},"end":{"line":94,"column":21}},"94":{"start":{"line":95,"column":0},"end":{"line":95,"column":14}},"95":{"start":{"line":96,"column":0},"end":{"line":96,"column":17}},"96":{"start":{"line":97,"column":0},"end":{"line":97,"column":30}},"97":{"start":{"line":98,"column":0},"end":{"line":98,"column":89}},"98":{"start":{"line":99,"column":0},"end":{"line":99,"column":3}},"99":{"start":{"line":100,"column":0},"end":{"line":100,"column":2}},"100":{"start":{"line":101,"column":0},"end":{"line":101,"column":17}},"101":{"start":{"line":102,"column":0},"end":{"line":102,"column":14}},"102":{"start":{"line":103,"column":0},"end":{"line":103,"column":17}},"103":{"start":{"line":104,"column":0},"end":{"line":104,"column":30}},"104":{"start":{"line":105,"column":0},"end":{"line":105,"column":89}},"105":{"start":{"line":106,"column":0},"end":{"line":106,"column":3}},"106":{"start":{"line":107,"column":0},"end":{"line":107,"column":2}},"107":{"start":{"line":108,"column":0},"end":{"line":108,"column":25}},"108":{"start":{"line":109,"column":0},"end":{"line":109,"column":14}},"109":{"start":{"line":110,"column":0},"end":{"line":110,"column":17}},"110":{"start":{"line":111,"column":0},"end":{"line":111,"column":30}},"111":{"start":{"line":112,"column":0},"end":{"line":112,"column":89}},"112":{"start":{"line":113,"column":0},"end":{"line":113,"column":3}},"113":{"start":{"line":114,"column":0},"end":{"line":114,"column":2}},"114":{"start":{"line":115,"column":0},"end":{"line":115,"column":22}},"115":{"start":{"line":116,"column":0},"end":{"line":116,"column":14}},"116":{"start":{"line":117,"column":0},"end":{"line":117,"column":17}},"117":{"start":{"line":118,"column":0},"end":{"line":118,"column":30}},"118":{"start":{"line":119,"column":0},"end":{"line":119,"column":89}},"119":{"start":{"line":120,"column":0},"end":{"line":120,"column":3}},"120":{"start":{"line":121,"column":0},"end":{"line":121,"column":2}},"121":{"start":{"line":122,"column":0},"end":{"line":122,"column":32}},"122":{"start":{"line":123,"column":0},"end":{"line":123,"column":14}},"123":{"start":{"line":124,"column":0},"end":{"line":124,"column":17}},"124":{"start":{"line":125,"column":0},"end":{"line":125,"column":30}},"125":{"start":{"line":126,"column":0},"end":{"line":126,"column":89}},"126":{"start":{"line":127,"column":0},"end":{"line":127,"column":3}},"127":{"start":{"line":128,"column":0},"end":{"line":128,"column":2}},"128":{"start":{"line":129,"column":0},"end":{"line":129,"column":20}},"129":{"start":{"line":130,"column":0},"end":{"line":130,"column":14}},"130":{"start":{"line":131,"column":0},"end":{"line":131,"column":17}},"131":{"start":{"line":132,"column":0},"end":{"line":132,"column":30}},"132":{"start":{"line":133,"column":0},"end":{"line":133,"column":89}},"133":{"start":{"line":134,"column":0},"end":{"line":134,"column":3}},"134":{"start":{"line":135,"column":0},"end":{"line":135,"column":2}},"135":{"start":{"line":136,"column":0},"end":{"line":136,"column":22}},"136":{"start":{"line":137,"column":0},"end":{"line":137,"column":14}},"137":{"start":{"line":138,"column":0},"end":{"line":138,"column":17}},"138":{"start":{"line":139,"column":0},"end":{"line":139,"column":30}},"139":{"start":{"line":140,"column":0},"end":{"line":140,"column":89}},"140":{"start":{"line":141,"column":0},"end":{"line":141,"column":3}},"141":{"start":{"line":142,"column":0},"end":{"line":142,"column":2}},"142":{"start":{"line":143,"column":0},"end":{"line":143,"column":19}},"143":{"start":{"line":144,"column":0},"end":{"line":144,"column":14}},"144":{"start":{"line":145,"column":0},"end":{"line":145,"column":17}},"145":{"start":{"line":146,"column":0},"end":{"line":146,"column":30}},"146":{"start":{"line":147,"column":0},"end":{"line":147,"column":89}},"147":{"start":{"line":148,"column":0},"end":{"line":148,"column":3}},"148":{"start":{"line":149,"column":0},"end":{"line":149,"column":2}},"149":{"start":{"line":150,"column":0},"end":{"line":150,"column":24}},"150":{"start":{"line":151,"column":0},"end":{"line":151,"column":14}},"151":{"start":{"line":152,"column":0},"end":{"line":152,"column":17}},"152":{"start":{"line":153,"column":0},"end":{"line":153,"column":30}},"153":{"start":{"line":154,"column":0},"end":{"line":154,"column":89}},"154":{"start":{"line":155,"column":0},"end":{"line":155,"column":3}},"155":{"start":{"line":156,"column":0},"end":{"line":156,"column":2}},"156":{"start":{"line":157,"column":0},"end":{"line":157,"column":20}},"157":{"start":{"line":158,"column":0},"end":{"line":158,"column":14}},"158":{"start":{"line":159,"column":0},"end":{"line":159,"column":17}},"159":{"start":{"line":160,"column":0},"end":{"line":160,"column":30}},"160":{"start":{"line":161,"column":0},"end":{"line":161,"column":89}},"161":{"start":{"line":162,"column":0},"end":{"line":162,"column":3}},"162":{"start":{"line":163,"column":0},"end":{"line":163,"column":2}},"163":{"start":{"line":164,"column":0},"end":{"line":164,"column":19}},"164":{"start":{"line":165,"column":0},"end":{"line":165,"column":14}},"165":{"start":{"line":166,"column":0},"end":{"line":166,"column":17}},"166":{"start":{"line":167,"column":0},"end":{"line":167,"column":30}},"167":{"start":{"line":168,"column":0},"end":{"line":168,"column":89}},"168":{"start":{"line":169,"column":0},"end":{"line":169,"column":3}},"169":{"start":{"line":170,"column":0},"end":{"line":170,"column":2}},"170":{"start":{"line":171,"column":0},"end":{"line":171,"column":19}},"171":{"start":{"line":172,"column":0},"end":{"line":172,"column":14}},"172":{"start":{"line":173,"column":0},"end":{"line":173,"column":17}},"173":{"start":{"line":174,"column":0},"end":{"line":174,"column":30}},"174":{"start":{"line":175,"column":0},"end":{"line":175,"column":89}},"175":{"start":{"line":176,"column":0},"end":{"line":176,"column":3}},"176":{"start":{"line":177,"column":0},"end":{"line":177,"column":2}},"177":{"start":{"line":178,"column":0},"end":{"line":178,"column":17}},"178":{"start":{"line":179,"column":0},"end":{"line":179,"column":14}},"179":{"start":{"line":180,"column":0},"end":{"line":180,"column":17}},"180":{"start":{"line":181,"column":0},"end":{"line":181,"column":30}},"181":{"start":{"line":182,"column":0},"end":{"line":182,"column":89}},"182":{"start":{"line":183,"column":0},"end":{"line":183,"column":3}},"183":{"start":{"line":184,"column":0},"end":{"line":184,"column":2}},"184":{"start":{"line":185,"column":0},"end":{"line":185,"column":26}},"185":{"start":{"line":186,"column":0},"end":{"line":186,"column":14}},"186":{"start":{"line":187,"column":0},"end":{"line":187,"column":17}},"187":{"start":{"line":188,"column":0},"end":{"line":188,"column":30}},"188":{"start":{"line":189,"column":0},"end":{"line":189,"column":89}},"189":{"start":{"line":190,"column":0},"end":{"line":190,"column":3}},"190":{"start":{"line":191,"column":0},"end":{"line":191,"column":2}},"191":{"start":{"line":192,"column":0},"end":{"line":192,"column":19}},"192":{"start":{"line":193,"column":0},"end":{"line":193,"column":14}},"193":{"start":{"line":194,"column":0},"end":{"line":194,"column":17}},"194":{"start":{"line":195,"column":0},"end":{"line":195,"column":30}},"195":{"start":{"line":196,"column":0},"end":{"line":196,"column":89}},"196":{"start":{"line":197,"column":0},"end":{"line":197,"column":3}},"197":{"start":{"line":198,"column":0},"end":{"line":198,"column":2}},"198":{"start":{"line":199,"column":0},"end":{"line":199,"column":18}},"199":{"start":{"line":200,"column":0},"end":{"line":200,"column":14}},"200":{"start":{"line":201,"column":0},"end":{"line":201,"column":17}},"201":{"start":{"line":202,"column":0},"end":{"line":202,"column":30}},"202":{"start":{"line":203,"column":0},"end":{"line":203,"column":89}},"203":{"start":{"line":204,"column":0},"end":{"line":204,"column":3}},"204":{"start":{"line":205,"column":0},"end":{"line":205,"column":2}},"205":{"start":{"line":206,"column":0},"end":{"line":206,"column":19}},"206":{"start":{"line":207,"column":0},"end":{"line":207,"column":14}},"207":{"start":{"line":208,"column":0},"end":{"line":208,"column":17}},"208":{"start":{"line":209,"column":0},"end":{"line":209,"column":30}},"209":{"start":{"line":210,"column":0},"end":{"line":210,"column":89}},"210":{"start":{"line":211,"column":0},"end":{"line":211,"column":3}},"211":{"start":{"line":212,"column":0},"end":{"line":212,"column":2}},"212":{"start":{"line":213,"column":0},"end":{"line":213,"column":33}},"213":{"start":{"line":214,"column":0},"end":{"line":214,"column":14}},"214":{"start":{"line":215,"column":0},"end":{"line":215,"column":17}},"215":{"start":{"line":216,"column":0},"end":{"line":216,"column":30}},"216":{"start":{"line":217,"column":0},"end":{"line":217,"column":89}},"217":{"start":{"line":218,"column":0},"end":{"line":218,"column":3}},"218":{"start":{"line":219,"column":0},"end":{"line":219,"column":2}},"219":{"start":{"line":220,"column":0},"end":{"line":220,"column":18}},"220":{"start":{"line":221,"column":0},"end":{"line":221,"column":14}},"221":{"start":{"line":222,"column":0},"end":{"line":222,"column":17}},"222":{"start":{"line":223,"column":0},"end":{"line":223,"column":30}},"223":{"start":{"line":224,"column":0},"end":{"line":224,"column":89}},"224":{"start":{"line":225,"column":0},"end":{"line":225,"column":3}},"225":{"start":{"line":226,"column":0},"end":{"line":226,"column":2}},"226":{"start":{"line":227,"column":0},"end":{"line":227,"column":19}},"227":{"start":{"line":228,"column":0},"end":{"line":228,"column":14}},"228":{"start":{"line":229,"column":0},"end":{"line":229,"column":17}},"229":{"start":{"line":230,"column":0},"end":{"line":230,"column":30}},"230":{"start":{"line":231,"column":0},"end":{"line":231,"column":89}},"231":{"start":{"line":232,"column":0},"end":{"line":232,"column":3}},"232":{"start":{"line":233,"column":0},"end":{"line":233,"column":2}},"233":{"start":{"line":234,"column":0},"end":{"line":234,"column":18}},"234":{"start":{"line":235,"column":0},"end":{"line":235,"column":14}},"235":{"start":{"line":236,"column":0},"end":{"line":236,"column":17}},"236":{"start":{"line":237,"column":0},"end":{"line":237,"column":30}},"237":{"start":{"line":238,"column":0},"end":{"line":238,"column":89}},"238":{"start":{"line":239,"column":0},"end":{"line":239,"column":3}},"239":{"start":{"line":240,"column":0},"end":{"line":240,"column":2}},"240":{"start":{"line":241,"column":0},"end":{"line":241,"column":25}},"241":{"start":{"line":242,"column":0},"end":{"line":242,"column":14}},"242":{"start":{"line":243,"column":0},"end":{"line":243,"column":17}},"243":{"start":{"line":244,"column":0},"end":{"line":244,"column":30}},"244":{"start":{"line":245,"column":0},"end":{"line":245,"column":89}},"245":{"start":{"line":246,"column":0},"end":{"line":246,"column":3}},"246":{"start":{"line":247,"column":0},"end":{"line":247,"column":2}},"247":{"start":{"line":248,"column":0},"end":{"line":248,"column":20}},"248":{"start":{"line":249,"column":0},"end":{"line":249,"column":14}},"249":{"start":{"line":250,"column":0},"end":{"line":250,"column":17}},"250":{"start":{"line":251,"column":0},"end":{"line":251,"column":30}},"251":{"start":{"line":252,"column":0},"end":{"line":252,"column":89}},"252":{"start":{"line":253,"column":0},"end":{"line":253,"column":3}},"253":{"start":{"line":254,"column":0},"end":{"line":254,"column":2}},"254":{"start":{"line":255,"column":0},"end":{"line":255,"column":19}},"255":{"start":{"line":256,"column":0},"end":{"line":256,"column":14}},"256":{"start":{"line":257,"column":0},"end":{"line":257,"column":17}},"257":{"start":{"line":258,"column":0},"end":{"line":258,"column":30}},"258":{"start":{"line":259,"column":0},"end":{"line":259,"column":89}},"259":{"start":{"line":260,"column":0},"end":{"line":260,"column":3}},"260":{"start":{"line":261,"column":0},"end":{"line":261,"column":2}},"261":{"start":{"line":262,"column":0},"end":{"line":262,"column":18}},"262":{"start":{"line":263,"column":0},"end":{"line":263,"column":14}},"263":{"start":{"line":264,"column":0},"end":{"line":264,"column":17}},"264":{"start":{"line":265,"column":0},"end":{"line":265,"column":30}},"265":{"start":{"line":266,"column":0},"end":{"line":266,"column":89}},"266":{"start":{"line":267,"column":0},"end":{"line":267,"column":3}},"267":{"start":{"line":268,"column":0},"end":{"line":268,"column":2}},"268":{"start":{"line":269,"column":0},"end":{"line":269,"column":18}},"269":{"start":{"line":270,"column":0},"end":{"line":270,"column":14}},"270":{"start":{"line":271,"column":0},"end":{"line":271,"column":17}},"271":{"start":{"line":272,"column":0},"end":{"line":272,"column":30}},"272":{"start":{"line":273,"column":0},"end":{"line":273,"column":89}},"273":{"start":{"line":274,"column":0},"end":{"line":274,"column":3}},"274":{"start":{"line":275,"column":0},"end":{"line":275,"column":2}},"275":{"start":{"line":276,"column":0},"end":{"line":276,"column":35}},"276":{"start":{"line":277,"column":0},"end":{"line":277,"column":14}},"277":{"start":{"line":278,"column":0},"end":{"line":278,"column":17}},"278":{"start":{"line":279,"column":0},"end":{"line":279,"column":30}},"279":{"start":{"line":280,"column":0},"end":{"line":280,"column":89}},"280":{"start":{"line":281,"column":0},"end":{"line":281,"column":3}},"281":{"start":{"line":282,"column":0},"end":{"line":282,"column":2}},"282":{"start":{"line":283,"column":0},"end":{"line":283,"column":28}},"283":{"start":{"line":284,"column":0},"end":{"line":284,"column":14}},"284":{"start":{"line":285,"column":0},"end":{"line":285,"column":17}},"285":{"start":{"line":286,"column":0},"end":{"line":286,"column":30}},"286":{"start":{"line":287,"column":0},"end":{"line":287,"column":89}},"287":{"start":{"line":288,"column":0},"end":{"line":288,"column":3}},"288":{"start":{"line":289,"column":0},"end":{"line":289,"column":2}},"289":{"start":{"line":290,"column":0},"end":{"line":290,"column":36}},"290":{"start":{"line":291,"column":0},"end":{"line":291,"column":14}},"291":{"start":{"line":292,"column":0},"end":{"line":292,"column":17}},"292":{"start":{"line":293,"column":0},"end":{"line":293,"column":30}},"293":{"start":{"line":294,"column":0},"end":{"line":294,"column":89}},"294":{"start":{"line":295,"column":0},"end":{"line":295,"column":3}},"295":{"start":{"line":296,"column":0},"end":{"line":296,"column":2}},"296":{"start":{"line":297,"column":0},"end":{"line":297,"column":31}},"297":{"start":{"line":298,"column":0},"end":{"line":298,"column":14}},"298":{"start":{"line":299,"column":0},"end":{"line":299,"column":17}},"299":{"start":{"line":300,"column":0},"end":{"line":300,"column":30}},"300":{"start":{"line":301,"column":0},"end":{"line":301,"column":89}},"301":{"start":{"line":302,"column":0},"end":{"line":302,"column":3}},"302":{"start":{"line":303,"column":0},"end":{"line":303,"column":2}},"303":{"start":{"line":304,"column":0},"end":{"line":304,"column":23}},"304":{"start":{"line":305,"column":0},"end":{"line":305,"column":14}},"305":{"start":{"line":306,"column":0},"end":{"line":306,"column":17}},"306":{"start":{"line":307,"column":0},"end":{"line":307,"column":30}},"307":{"start":{"line":308,"column":0},"end":{"line":308,"column":89}},"308":{"start":{"line":309,"column":0},"end":{"line":309,"column":3}},"309":{"start":{"line":310,"column":0},"end":{"line":310,"column":2}},"310":{"start":{"line":311,"column":0},"end":{"line":311,"column":25}},"311":{"start":{"line":312,"column":0},"end":{"line":312,"column":14}},"312":{"start":{"line":313,"column":0},"end":{"line":313,"column":17}},"313":{"start":{"line":314,"column":0},"end":{"line":314,"column":30}},"314":{"start":{"line":315,"column":0},"end":{"line":315,"column":89}},"315":{"start":{"line":316,"column":0},"end":{"line":316,"column":3}},"316":{"start":{"line":317,"column":0},"end":{"line":317,"column":2}},"317":{"start":{"line":318,"column":0},"end":{"line":318,"column":24}},"318":{"start":{"line":319,"column":0},"end":{"line":319,"column":14}},"319":{"start":{"line":320,"column":0},"end":{"line":320,"column":17}},"320":{"start":{"line":321,"column":0},"end":{"line":321,"column":30}},"321":{"start":{"line":322,"column":0},"end":{"line":322,"column":89}},"322":{"start":{"line":323,"column":0},"end":{"line":323,"column":3}},"323":{"start":{"line":324,"column":0},"end":{"line":324,"column":2}},"324":{"start":{"line":325,"column":0},"end":{"line":325,"column":17}},"325":{"start":{"line":326,"column":0},"end":{"line":326,"column":14}},"326":{"start":{"line":327,"column":0},"end":{"line":327,"column":17}},"327":{"start":{"line":328,"column":0},"end":{"line":328,"column":30}},"328":{"start":{"line":329,"column":0},"end":{"line":329,"column":89}},"329":{"start":{"line":330,"column":0},"end":{"line":330,"column":3}},"330":{"start":{"line":331,"column":0},"end":{"line":331,"column":2}},"331":{"start":{"line":332,"column":0},"end":{"line":332,"column":20}},"332":{"start":{"line":333,"column":0},"end":{"line":333,"column":14}},"333":{"start":{"line":334,"column":0},"end":{"line":334,"column":17}},"334":{"start":{"line":335,"column":0},"end":{"line":335,"column":30}},"335":{"start":{"line":336,"column":0},"end":{"line":336,"column":89}},"336":{"start":{"line":337,"column":0},"end":{"line":337,"column":3}},"337":{"start":{"line":338,"column":0},"end":{"line":338,"column":2}},"338":{"start":{"line":339,"column":0},"end":{"line":339,"column":17}},"339":{"start":{"line":340,"column":0},"end":{"line":340,"column":14}},"340":{"start":{"line":341,"column":0},"end":{"line":341,"column":17}},"341":{"start":{"line":342,"column":0},"end":{"line":342,"column":30}},"342":{"start":{"line":343,"column":0},"end":{"line":343,"column":89}},"343":{"start":{"line":344,"column":0},"end":{"line":344,"column":3}},"344":{"start":{"line":345,"column":0},"end":{"line":345,"column":2}},"345":{"start":{"line":346,"column":0},"end":{"line":346,"column":20}},"346":{"start":{"line":347,"column":0},"end":{"line":347,"column":14}},"347":{"start":{"line":348,"column":0},"end":{"line":348,"column":17}},"348":{"start":{"line":349,"column":0},"end":{"line":349,"column":30}},"349":{"start":{"line":350,"column":0},"end":{"line":350,"column":89}},"350":{"start":{"line":351,"column":0},"end":{"line":351,"column":3}},"351":{"start":{"line":352,"column":0},"end":{"line":352,"column":2}},"352":{"start":{"line":353,"column":0},"end":{"line":353,"column":29}},"353":{"start":{"line":354,"column":0},"end":{"line":354,"column":14}},"354":{"start":{"line":355,"column":0},"end":{"line":355,"column":17}},"355":{"start":{"line":356,"column":0},"end":{"line":356,"column":30}},"356":{"start":{"line":357,"column":0},"end":{"line":357,"column":89}},"357":{"start":{"line":358,"column":0},"end":{"line":358,"column":3}},"358":{"start":{"line":359,"column":0},"end":{"line":359,"column":2}},"359":{"start":{"line":360,"column":0},"end":{"line":360,"column":22}},"360":{"start":{"line":361,"column":0},"end":{"line":361,"column":14}},"361":{"start":{"line":362,"column":0},"end":{"line":362,"column":17}},"362":{"start":{"line":363,"column":0},"end":{"line":363,"column":30}},"363":{"start":{"line":364,"column":0},"end":{"line":364,"column":89}},"364":{"start":{"line":365,"column":0},"end":{"line":365,"column":3}},"365":{"start":{"line":366,"column":0},"end":{"line":366,"column":2}},"366":{"start":{"line":367,"column":0},"end":{"line":367,"column":16}},"367":{"start":{"line":368,"column":0},"end":{"line":368,"column":14}},"368":{"start":{"line":369,"column":0},"end":{"line":369,"column":17}},"369":{"start":{"line":370,"column":0},"end":{"line":370,"column":30}},"370":{"start":{"line":371,"column":0},"end":{"line":371,"column":89}},"371":{"start":{"line":372,"column":0},"end":{"line":372,"column":3}},"372":{"start":{"line":373,"column":0},"end":{"line":373,"column":2}},"373":{"start":{"line":374,"column":0},"end":{"line":374,"column":22}},"374":{"start":{"line":375,"column":0},"end":{"line":375,"column":14}},"375":{"start":{"line":376,"column":0},"end":{"line":376,"column":17}},"376":{"start":{"line":377,"column":0},"end":{"line":377,"column":30}},"377":{"start":{"line":378,"column":0},"end":{"line":378,"column":89}},"378":{"start":{"line":379,"column":0},"end":{"line":379,"column":3}},"379":{"start":{"line":380,"column":0},"end":{"line":380,"column":2}},"380":{"start":{"line":381,"column":0},"end":{"line":381,"column":19}},"381":{"start":{"line":382,"column":0},"end":{"line":382,"column":14}},"382":{"start":{"line":383,"column":0},"end":{"line":383,"column":17}},"383":{"start":{"line":384,"column":0},"end":{"line":384,"column":30}},"384":{"start":{"line":385,"column":0},"end":{"line":385,"column":89}},"385":{"start":{"line":386,"column":0},"end":{"line":386,"column":3}},"386":{"start":{"line":387,"column":0},"end":{"line":387,"column":2}},"387":{"start":{"line":388,"column":0},"end":{"line":388,"column":28}},"388":{"start":{"line":389,"column":0},"end":{"line":389,"column":14}},"389":{"start":{"line":390,"column":0},"end":{"line":390,"column":17}},"390":{"start":{"line":391,"column":0},"end":{"line":391,"column":30}},"391":{"start":{"line":392,"column":0},"end":{"line":392,"column":89}},"392":{"start":{"line":393,"column":0},"end":{"line":393,"column":3}},"393":{"start":{"line":394,"column":0},"end":{"line":394,"column":2}},"394":{"start":{"line":395,"column":0},"end":{"line":395,"column":18}},"395":{"start":{"line":396,"column":0},"end":{"line":396,"column":14}},"396":{"start":{"line":397,"column":0},"end":{"line":397,"column":17}},"397":{"start":{"line":398,"column":0},"end":{"line":398,"column":30}},"398":{"start":{"line":399,"column":0},"end":{"line":399,"column":89}},"399":{"start":{"line":400,"column":0},"end":{"line":400,"column":3}},"400":{"start":{"line":401,"column":0},"end":{"line":401,"column":2}},"401":{"start":{"line":402,"column":0},"end":{"line":402,"column":19}},"402":{"start":{"line":403,"column":0},"end":{"line":403,"column":14}},"403":{"start":{"line":404,"column":0},"end":{"line":404,"column":17}},"404":{"start":{"line":405,"column":0},"end":{"line":405,"column":30}},"405":{"start":{"line":406,"column":0},"end":{"line":406,"column":89}},"406":{"start":{"line":407,"column":0},"end":{"line":407,"column":3}},"407":{"start":{"line":408,"column":0},"end":{"line":408,"column":2}},"408":{"start":{"line":409,"column":0},"end":{"line":409,"column":19}},"409":{"start":{"line":410,"column":0},"end":{"line":410,"column":14}},"410":{"start":{"line":411,"column":0},"end":{"line":411,"column":17}},"411":{"start":{"line":412,"column":0},"end":{"line":412,"column":30}},"412":{"start":{"line":413,"column":0},"end":{"line":413,"column":89}},"413":{"start":{"line":414,"column":0},"end":{"line":414,"column":3}},"414":{"start":{"line":415,"column":0},"end":{"line":415,"column":2}},"415":{"start":{"line":416,"column":0},"end":{"line":416,"column":24}},"416":{"start":{"line":417,"column":0},"end":{"line":417,"column":14}},"417":{"start":{"line":418,"column":0},"end":{"line":418,"column":17}},"418":{"start":{"line":419,"column":0},"end":{"line":419,"column":30}},"419":{"start":{"line":420,"column":0},"end":{"line":420,"column":89}},"420":{"start":{"line":421,"column":0},"end":{"line":421,"column":3}},"421":{"start":{"line":422,"column":0},"end":{"line":422,"column":2}},"422":{"start":{"line":423,"column":0},"end":{"line":423,"column":20}},"423":{"start":{"line":424,"column":0},"end":{"line":424,"column":14}},"424":{"start":{"line":425,"column":0},"end":{"line":425,"column":17}},"425":{"start":{"line":426,"column":0},"end":{"line":426,"column":30}},"426":{"start":{"line":427,"column":0},"end":{"line":427,"column":89}},"427":{"start":{"line":428,"column":0},"end":{"line":428,"column":3}},"428":{"start":{"line":429,"column":0},"end":{"line":429,"column":2}},"429":{"start":{"line":430,"column":0},"end":{"line":430,"column":19}},"430":{"start":{"line":431,"column":0},"end":{"line":431,"column":14}},"431":{"start":{"line":432,"column":0},"end":{"line":432,"column":17}},"432":{"start":{"line":433,"column":0},"end":{"line":433,"column":30}},"433":{"start":{"line":434,"column":0},"end":{"line":434,"column":89}},"434":{"start":{"line":435,"column":0},"end":{"line":435,"column":3}},"435":{"start":{"line":436,"column":0},"end":{"line":436,"column":2}},"436":{"start":{"line":437,"column":0},"end":{"line":437,"column":20}},"437":{"start":{"line":438,"column":0},"end":{"line":438,"column":14}},"438":{"start":{"line":439,"column":0},"end":{"line":439,"column":17}},"439":{"start":{"line":440,"column":0},"end":{"line":440,"column":30}},"440":{"start":{"line":441,"column":0},"end":{"line":441,"column":89}},"441":{"start":{"line":442,"column":0},"end":{"line":442,"column":3}},"442":{"start":{"line":443,"column":0},"end":{"line":443,"column":2}},"443":{"start":{"line":444,"column":0},"end":{"line":444,"column":30}},"444":{"start":{"line":445,"column":0},"end":{"line":445,"column":14}},"445":{"start":{"line":446,"column":0},"end":{"line":446,"column":17}},"446":{"start":{"line":447,"column":0},"end":{"line":447,"column":30}},"447":{"start":{"line":448,"column":0},"end":{"line":448,"column":89}},"448":{"start":{"line":449,"column":0},"end":{"line":449,"column":3}},"449":{"start":{"line":450,"column":0},"end":{"line":450,"column":2}},"450":{"start":{"line":451,"column":0},"end":{"line":451,"column":19}},"451":{"start":{"line":452,"column":0},"end":{"line":452,"column":14}},"452":{"start":{"line":453,"column":0},"end":{"line":453,"column":17}},"453":{"start":{"line":454,"column":0},"end":{"line":454,"column":30}},"454":{"start":{"line":455,"column":0},"end":{"line":455,"column":89}},"455":{"start":{"line":456,"column":0},"end":{"line":456,"column":3}},"456":{"start":{"line":457,"column":0},"end":{"line":457,"column":2}},"457":{"start":{"line":458,"column":0},"end":{"line":458,"column":27}},"458":{"start":{"line":459,"column":0},"end":{"line":459,"column":14}},"459":{"start":{"line":460,"column":0},"end":{"line":460,"column":17}},"460":{"start":{"line":461,"column":0},"end":{"line":461,"column":30}},"461":{"start":{"line":462,"column":0},"end":{"line":462,"column":89}},"462":{"start":{"line":463,"column":0},"end":{"line":463,"column":3}},"463":{"start":{"line":464,"column":0},"end":{"line":464,"column":2}},"464":{"start":{"line":465,"column":0},"end":{"line":465,"column":19}},"465":{"start":{"line":466,"column":0},"end":{"line":466,"column":14}},"466":{"start":{"line":467,"column":0},"end":{"line":467,"column":17}},"467":{"start":{"line":468,"column":0},"end":{"line":468,"column":30}},"468":{"start":{"line":469,"column":0},"end":{"line":469,"column":89}},"469":{"start":{"line":470,"column":0},"end":{"line":470,"column":3}},"470":{"start":{"line":471,"column":0},"end":{"line":471,"column":2}},"471":{"start":{"line":472,"column":0},"end":{"line":472,"column":19}},"472":{"start":{"line":473,"column":0},"end":{"line":473,"column":14}},"473":{"start":{"line":474,"column":0},"end":{"line":474,"column":17}},"474":{"start":{"line":475,"column":0},"end":{"line":475,"column":30}},"475":{"start":{"line":476,"column":0},"end":{"line":476,"column":89}},"476":{"start":{"line":477,"column":0},"end":{"line":477,"column":3}},"477":{"start":{"line":478,"column":0},"end":{"line":478,"column":2}},"478":{"start":{"line":479,"column":0},"end":{"line":479,"column":17}},"479":{"start":{"line":480,"column":0},"end":{"line":480,"column":14}},"480":{"start":{"line":481,"column":0},"end":{"line":481,"column":17}},"481":{"start":{"line":482,"column":0},"end":{"line":482,"column":30}},"482":{"start":{"line":483,"column":0},"end":{"line":483,"column":89}},"483":{"start":{"line":484,"column":0},"end":{"line":484,"column":3}},"484":{"start":{"line":485,"column":0},"end":{"line":485,"column":2}},"485":{"start":{"line":486,"column":0},"end":{"line":486,"column":26}},"486":{"start":{"line":487,"column":0},"end":{"line":487,"column":14}},"487":{"start":{"line":488,"column":0},"end":{"line":488,"column":17}},"488":{"start":{"line":489,"column":0},"end":{"line":489,"column":30}},"489":{"start":{"line":490,"column":0},"end":{"line":490,"column":89}},"490":{"start":{"line":491,"column":0},"end":{"line":491,"column":3}},"491":{"start":{"line":492,"column":0},"end":{"line":492,"column":2}},"492":{"start":{"line":493,"column":0},"end":{"line":493,"column":19}},"493":{"start":{"line":494,"column":0},"end":{"line":494,"column":14}},"494":{"start":{"line":495,"column":0},"end":{"line":495,"column":17}},"495":{"start":{"line":496,"column":0},"end":{"line":496,"column":30}},"496":{"start":{"line":497,"column":0},"end":{"line":497,"column":89}},"497":{"start":{"line":498,"column":0},"end":{"line":498,"column":3}},"498":{"start":{"line":499,"column":0},"end":{"line":499,"column":2}},"499":{"start":{"line":500,"column":0},"end":{"line":500,"column":17}},"500":{"start":{"line":501,"column":0},"end":{"line":501,"column":14}},"501":{"start":{"line":502,"column":0},"end":{"line":502,"column":17}},"502":{"start":{"line":503,"column":0},"end":{"line":503,"column":30}},"503":{"start":{"line":504,"column":0},"end":{"line":504,"column":89}},"504":{"start":{"line":505,"column":0},"end":{"line":505,"column":3}},"505":{"start":{"line":506,"column":0},"end":{"line":506,"column":2}},"506":{"start":{"line":507,"column":0},"end":{"line":507,"column":20}},"507":{"start":{"line":508,"column":0},"end":{"line":508,"column":14}},"508":{"start":{"line":509,"column":0},"end":{"line":509,"column":17}},"509":{"start":{"line":510,"column":0},"end":{"line":510,"column":30}},"510":{"start":{"line":511,"column":0},"end":{"line":511,"column":89}},"511":{"start":{"line":512,"column":0},"end":{"line":512,"column":3}},"512":{"start":{"line":513,"column":0},"end":{"line":513,"column":2}},"513":{"start":{"line":514,"column":0},"end":{"line":514,"column":26}},"514":{"start":{"line":515,"column":0},"end":{"line":515,"column":14}},"515":{"start":{"line":516,"column":0},"end":{"line":516,"column":17}},"516":{"start":{"line":517,"column":0},"end":{"line":517,"column":30}},"517":{"start":{"line":518,"column":0},"end":{"line":518,"column":89}},"518":{"start":{"line":519,"column":0},"end":{"line":519,"column":3}},"519":{"start":{"line":520,"column":0},"end":{"line":520,"column":2}},"520":{"start":{"line":521,"column":0},"end":{"line":521,"column":19}},"521":{"start":{"line":522,"column":0},"end":{"line":522,"column":14}},"522":{"start":{"line":523,"column":0},"end":{"line":523,"column":17}},"523":{"start":{"line":524,"column":0},"end":{"line":524,"column":30}},"524":{"start":{"line":525,"column":0},"end":{"line":525,"column":89}},"525":{"start":{"line":526,"column":0},"end":{"line":526,"column":3}},"526":{"start":{"line":527,"column":0},"end":{"line":527,"column":2}},"527":{"start":{"line":528,"column":0},"end":{"line":528,"column":16}},"528":{"start":{"line":529,"column":0},"end":{"line":529,"column":14}},"529":{"start":{"line":530,"column":0},"end":{"line":530,"column":17}},"530":{"start":{"line":531,"column":0},"end":{"line":531,"column":30}},"531":{"start":{"line":532,"column":0},"end":{"line":532,"column":89}},"532":{"start":{"line":533,"column":0},"end":{"line":533,"column":3}},"533":{"start":{"line":534,"column":0},"end":{"line":534,"column":2}},"534":{"start":{"line":535,"column":0},"end":{"line":535,"column":28}},"535":{"start":{"line":536,"column":0},"end":{"line":536,"column":14}},"536":{"start":{"line":537,"column":0},"end":{"line":537,"column":17}},"537":{"start":{"line":538,"column":0},"end":{"line":538,"column":30}},"538":{"start":{"line":539,"column":0},"end":{"line":539,"column":89}},"539":{"start":{"line":540,"column":0},"end":{"line":540,"column":3}},"540":{"start":{"line":541,"column":0},"end":{"line":541,"column":2}},"541":{"start":{"line":542,"column":0},"end":{"line":542,"column":22}},"542":{"start":{"line":543,"column":0},"end":{"line":543,"column":14}},"543":{"start":{"line":544,"column":0},"end":{"line":544,"column":17}},"544":{"start":{"line":545,"column":0},"end":{"line":545,"column":30}},"545":{"start":{"line":546,"column":0},"end":{"line":546,"column":89}},"546":{"start":{"line":547,"column":0},"end":{"line":547,"column":3}},"547":{"start":{"line":548,"column":0},"end":{"line":548,"column":2}},"548":{"start":{"line":549,"column":0},"end":{"line":549,"column":25}},"549":{"start":{"line":550,"column":0},"end":{"line":550,"column":14}},"550":{"start":{"line":551,"column":0},"end":{"line":551,"column":17}},"551":{"start":{"line":552,"column":0},"end":{"line":552,"column":30}},"552":{"start":{"line":553,"column":0},"end":{"line":553,"column":89}},"553":{"start":{"line":554,"column":0},"end":{"line":554,"column":3}},"554":{"start":{"line":555,"column":0},"end":{"line":555,"column":2}},"555":{"start":{"line":556,"column":0},"end":{"line":556,"column":18}},"556":{"start":{"line":557,"column":0},"end":{"line":557,"column":14}},"557":{"start":{"line":558,"column":0},"end":{"line":558,"column":17}},"558":{"start":{"line":559,"column":0},"end":{"line":559,"column":30}},"559":{"start":{"line":560,"column":0},"end":{"line":560,"column":89}},"560":{"start":{"line":561,"column":0},"end":{"line":561,"column":3}},"561":{"start":{"line":562,"column":0},"end":{"line":562,"column":2}},"562":{"start":{"line":563,"column":0},"end":{"line":563,"column":17}},"563":{"start":{"line":564,"column":0},"end":{"line":564,"column":14}},"564":{"start":{"line":565,"column":0},"end":{"line":565,"column":17}},"565":{"start":{"line":566,"column":0},"end":{"line":566,"column":30}},"566":{"start":{"line":567,"column":0},"end":{"line":567,"column":89}},"567":{"start":{"line":568,"column":0},"end":{"line":568,"column":3}},"568":{"start":{"line":569,"column":0},"end":{"line":569,"column":2}},"569":{"start":{"line":570,"column":0},"end":{"line":570,"column":26}},"570":{"start":{"line":571,"column":0},"end":{"line":571,"column":14}},"571":{"start":{"line":572,"column":0},"end":{"line":572,"column":17}},"572":{"start":{"line":573,"column":0},"end":{"line":573,"column":30}},"573":{"start":{"line":574,"column":0},"end":{"line":574,"column":89}},"574":{"start":{"line":575,"column":0},"end":{"line":575,"column":3}},"575":{"start":{"line":576,"column":0},"end":{"line":576,"column":2}},"576":{"start":{"line":577,"column":0},"end":{"line":577,"column":19}},"577":{"start":{"line":578,"column":0},"end":{"line":578,"column":14}},"578":{"start":{"line":579,"column":0},"end":{"line":579,"column":17}},"579":{"start":{"line":580,"column":0},"end":{"line":580,"column":30}},"580":{"start":{"line":581,"column":0},"end":{"line":581,"column":89}},"581":{"start":{"line":582,"column":0},"end":{"line":582,"column":3}},"582":{"start":{"line":583,"column":0},"end":{"line":583,"column":2}},"583":{"start":{"line":584,"column":0},"end":{"line":584,"column":19}},"584":{"start":{"line":585,"column":0},"end":{"line":585,"column":14}},"585":{"start":{"line":586,"column":0},"end":{"line":586,"column":17}},"586":{"start":{"line":587,"column":0},"end":{"line":587,"column":30}},"587":{"start":{"line":588,"column":0},"end":{"line":588,"column":89}},"588":{"start":{"line":589,"column":0},"end":{"line":589,"column":3}},"589":{"start":{"line":590,"column":0},"end":{"line":590,"column":2}},"590":{"start":{"line":591,"column":0},"end":{"line":591,"column":25}},"591":{"start":{"line":592,"column":0},"end":{"line":592,"column":14}},"592":{"start":{"line":593,"column":0},"end":{"line":593,"column":17}},"593":{"start":{"line":594,"column":0},"end":{"line":594,"column":30}},"594":{"start":{"line":595,"column":0},"end":{"line":595,"column":89}},"595":{"start":{"line":596,"column":0},"end":{"line":596,"column":3}},"596":{"start":{"line":597,"column":0},"end":{"line":597,"column":2}},"597":{"start":{"line":598,"column":0},"end":{"line":598,"column":20}},"598":{"start":{"line":599,"column":0},"end":{"line":599,"column":14}},"599":{"start":{"line":600,"column":0},"end":{"line":600,"column":17}},"600":{"start":{"line":601,"column":0},"end":{"line":601,"column":30}},"601":{"start":{"line":602,"column":0},"end":{"line":602,"column":89}},"602":{"start":{"line":603,"column":0},"end":{"line":603,"column":3}},"603":{"start":{"line":604,"column":0},"end":{"line":604,"column":2}},"604":{"start":{"line":605,"column":0},"end":{"line":605,"column":17}},"605":{"start":{"line":606,"column":0},"end":{"line":606,"column":14}},"606":{"start":{"line":607,"column":0},"end":{"line":607,"column":17}},"607":{"start":{"line":608,"column":0},"end":{"line":608,"column":30}},"608":{"start":{"line":609,"column":0},"end":{"line":609,"column":89}},"609":{"start":{"line":610,"column":0},"end":{"line":610,"column":3}},"610":{"start":{"line":611,"column":0},"end":{"line":611,"column":2}},"611":{"start":{"line":612,"column":0},"end":{"line":612,"column":21}},"612":{"start":{"line":613,"column":0},"end":{"line":613,"column":14}},"613":{"start":{"line":614,"column":0},"end":{"line":614,"column":17}},"614":{"start":{"line":615,"column":0},"end":{"line":615,"column":30}},"615":{"start":{"line":616,"column":0},"end":{"line":616,"column":89}},"616":{"start":{"line":617,"column":0},"end":{"line":617,"column":3}},"617":{"start":{"line":618,"column":0},"end":{"line":618,"column":2}},"618":{"start":{"line":619,"column":0},"end":{"line":619,"column":21}},"619":{"start":{"line":620,"column":0},"end":{"line":620,"column":14}},"620":{"start":{"line":621,"column":0},"end":{"line":621,"column":17}},"621":{"start":{"line":622,"column":0},"end":{"line":622,"column":30}},"622":{"start":{"line":623,"column":0},"end":{"line":623,"column":89}},"623":{"start":{"line":624,"column":0},"end":{"line":624,"column":3}},"624":{"start":{"line":625,"column":0},"end":{"line":625,"column":2}},"625":{"start":{"line":626,"column":0},"end":{"line":626,"column":18}},"626":{"start":{"line":627,"column":0},"end":{"line":627,"column":14}},"627":{"start":{"line":628,"column":0},"end":{"line":628,"column":17}},"628":{"start":{"line":629,"column":0},"end":{"line":629,"column":30}},"629":{"start":{"line":630,"column":0},"end":{"line":630,"column":89}},"630":{"start":{"line":631,"column":0},"end":{"line":631,"column":3}},"631":{"start":{"line":632,"column":0},"end":{"line":632,"column":2}},"632":{"start":{"line":633,"column":0},"end":{"line":633,"column":18}},"633":{"start":{"line":634,"column":0},"end":{"line":634,"column":14}},"634":{"start":{"line":635,"column":0},"end":{"line":635,"column":17}},"635":{"start":{"line":636,"column":0},"end":{"line":636,"column":30}},"636":{"start":{"line":637,"column":0},"end":{"line":637,"column":89}},"637":{"start":{"line":638,"column":0},"end":{"line":638,"column":3}},"638":{"start":{"line":639,"column":0},"end":{"line":639,"column":2}},"639":{"start":{"line":640,"column":0},"end":{"line":640,"column":22}},"640":{"start":{"line":641,"column":0},"end":{"line":641,"column":14}},"641":{"start":{"line":642,"column":0},"end":{"line":642,"column":17}},"642":{"start":{"line":643,"column":0},"end":{"line":643,"column":30}},"643":{"start":{"line":644,"column":0},"end":{"line":644,"column":89}},"644":{"start":{"line":645,"column":0},"end":{"line":645,"column":3}},"645":{"start":{"line":646,"column":0},"end":{"line":646,"column":2}},"646":{"start":{"line":647,"column":0},"end":{"line":647,"column":29}},"647":{"start":{"line":648,"column":0},"end":{"line":648,"column":14}},"648":{"start":{"line":649,"column":0},"end":{"line":649,"column":17}},"649":{"start":{"line":650,"column":0},"end":{"line":650,"column":30}},"650":{"start":{"line":651,"column":0},"end":{"line":651,"column":89}},"651":{"start":{"line":652,"column":0},"end":{"line":652,"column":3}},"652":{"start":{"line":653,"column":0},"end":{"line":653,"column":2}},"653":{"start":{"line":654,"column":0},"end":{"line":654,"column":18}},"654":{"start":{"line":655,"column":0},"end":{"line":655,"column":14}},"655":{"start":{"line":656,"column":0},"end":{"line":656,"column":17}},"656":{"start":{"line":657,"column":0},"end":{"line":657,"column":30}},"657":{"start":{"line":658,"column":0},"end":{"line":658,"column":89}},"658":{"start":{"line":659,"column":0},"end":{"line":659,"column":3}},"659":{"start":{"line":660,"column":0},"end":{"line":660,"column":2}},"660":{"start":{"line":661,"column":0},"end":{"line":661,"column":50}},"661":{"start":{"line":662,"column":0},"end":{"line":662,"column":14}},"662":{"start":{"line":663,"column":0},"end":{"line":663,"column":17}},"663":{"start":{"line":664,"column":0},"end":{"line":664,"column":30}},"664":{"start":{"line":665,"column":0},"end":{"line":665,"column":89}},"665":{"start":{"line":666,"column":0},"end":{"line":666,"column":3}},"666":{"start":{"line":667,"column":0},"end":{"line":667,"column":2}},"667":{"start":{"line":668,"column":0},"end":{"line":668,"column":21}},"668":{"start":{"line":669,"column":0},"end":{"line":669,"column":14}},"669":{"start":{"line":670,"column":0},"end":{"line":670,"column":17}},"670":{"start":{"line":671,"column":0},"end":{"line":671,"column":30}},"671":{"start":{"line":672,"column":0},"end":{"line":672,"column":89}},"672":{"start":{"line":673,"column":0},"end":{"line":673,"column":3}},"673":{"start":{"line":674,"column":0},"end":{"line":674,"column":2}},"674":{"start":{"line":675,"column":0},"end":{"line":675,"column":16}},"675":{"start":{"line":676,"column":0},"end":{"line":676,"column":14}},"676":{"start":{"line":677,"column":0},"end":{"line":677,"column":17}},"677":{"start":{"line":678,"column":0},"end":{"line":678,"column":30}},"678":{"start":{"line":679,"column":0},"end":{"line":679,"column":89}},"679":{"start":{"line":680,"column":0},"end":{"line":680,"column":3}},"680":{"start":{"line":681,"column":0},"end":{"line":681,"column":2}},"681":{"start":{"line":682,"column":0},"end":{"line":682,"column":25}},"682":{"start":{"line":683,"column":0},"end":{"line":683,"column":14}},"683":{"start":{"line":684,"column":0},"end":{"line":684,"column":17}},"684":{"start":{"line":685,"column":0},"end":{"line":685,"column":30}},"685":{"start":{"line":686,"column":0},"end":{"line":686,"column":89}},"686":{"start":{"line":687,"column":0},"end":{"line":687,"column":3}},"687":{"start":{"line":688,"column":0},"end":{"line":688,"column":2}},"688":{"start":{"line":689,"column":0},"end":{"line":689,"column":18}},"689":{"start":{"line":690,"column":0},"end":{"line":690,"column":14}},"690":{"start":{"line":691,"column":0},"end":{"line":691,"column":17}},"691":{"start":{"line":692,"column":0},"end":{"line":692,"column":30}},"692":{"start":{"line":693,"column":0},"end":{"line":693,"column":89}},"693":{"start":{"line":694,"column":0},"end":{"line":694,"column":3}},"694":{"start":{"line":695,"column":0},"end":{"line":695,"column":2}},"695":{"start":{"line":696,"column":0},"end":{"line":696,"column":31}},"696":{"start":{"line":697,"column":0},"end":{"line":697,"column":14}},"697":{"start":{"line":698,"column":0},"end":{"line":698,"column":17}},"698":{"start":{"line":699,"column":0},"end":{"line":699,"column":30}},"699":{"start":{"line":700,"column":0},"end":{"line":700,"column":89}},"700":{"start":{"line":701,"column":0},"end":{"line":701,"column":3}},"701":{"start":{"line":702,"column":0},"end":{"line":702,"column":2}},"702":{"start":{"line":703,"column":0},"end":{"line":703,"column":36}},"703":{"start":{"line":704,"column":0},"end":{"line":704,"column":14}},"704":{"start":{"line":705,"column":0},"end":{"line":705,"column":17}},"705":{"start":{"line":706,"column":0},"end":{"line":706,"column":30}},"706":{"start":{"line":707,"column":0},"end":{"line":707,"column":89}},"707":{"start":{"line":708,"column":0},"end":{"line":708,"column":3}},"708":{"start":{"line":709,"column":0},"end":{"line":709,"column":2}},"709":{"start":{"line":710,"column":0},"end":{"line":710,"column":20}},"710":{"start":{"line":711,"column":0},"end":{"line":711,"column":14}},"711":{"start":{"line":712,"column":0},"end":{"line":712,"column":17}},"712":{"start":{"line":713,"column":0},"end":{"line":713,"column":30}},"713":{"start":{"line":714,"column":0},"end":{"line":714,"column":89}},"714":{"start":{"line":715,"column":0},"end":{"line":715,"column":3}},"715":{"start":{"line":716,"column":0},"end":{"line":716,"column":2}},"716":{"start":{"line":717,"column":0},"end":{"line":717,"column":19}},"717":{"start":{"line":718,"column":0},"end":{"line":718,"column":14}},"718":{"start":{"line":719,"column":0},"end":{"line":719,"column":17}},"719":{"start":{"line":720,"column":0},"end":{"line":720,"column":30}},"720":{"start":{"line":721,"column":0},"end":{"line":721,"column":89}},"721":{"start":{"line":722,"column":0},"end":{"line":722,"column":3}},"722":{"start":{"line":723,"column":0},"end":{"line":723,"column":2}},"723":{"start":{"line":724,"column":0},"end":{"line":724,"column":17}},"724":{"start":{"line":725,"column":0},"end":{"line":725,"column":14}},"725":{"start":{"line":726,"column":0},"end":{"line":726,"column":17}},"726":{"start":{"line":727,"column":0},"end":{"line":727,"column":30}},"727":{"start":{"line":728,"column":0},"end":{"line":728,"column":89}},"728":{"start":{"line":729,"column":0},"end":{"line":729,"column":3}},"729":{"start":{"line":730,"column":0},"end":{"line":730,"column":2}},"730":{"start":{"line":731,"column":0},"end":{"line":731,"column":19}},"731":{"start":{"line":732,"column":0},"end":{"line":732,"column":14}},"732":{"start":{"line":733,"column":0},"end":{"line":733,"column":17}},"733":{"start":{"line":734,"column":0},"end":{"line":734,"column":30}},"734":{"start":{"line":735,"column":0},"end":{"line":735,"column":89}},"735":{"start":{"line":736,"column":0},"end":{"line":736,"column":3}},"736":{"start":{"line":737,"column":0},"end":{"line":737,"column":2}},"737":{"start":{"line":738,"column":0},"end":{"line":738,"column":26}},"738":{"start":{"line":739,"column":0},"end":{"line":739,"column":14}},"739":{"start":{"line":740,"column":0},"end":{"line":740,"column":17}},"740":{"start":{"line":741,"column":0},"end":{"line":741,"column":30}},"741":{"start":{"line":742,"column":0},"end":{"line":742,"column":89}},"742":{"start":{"line":743,"column":0},"end":{"line":743,"column":3}},"743":{"start":{"line":744,"column":0},"end":{"line":744,"column":2}},"744":{"start":{"line":745,"column":0},"end":{"line":745,"column":21}},"745":{"start":{"line":746,"column":0},"end":{"line":746,"column":14}},"746":{"start":{"line":747,"column":0},"end":{"line":747,"column":17}},"747":{"start":{"line":748,"column":0},"end":{"line":748,"column":30}},"748":{"start":{"line":749,"column":0},"end":{"line":749,"column":89}},"749":{"start":{"line":750,"column":0},"end":{"line":750,"column":3}},"750":{"start":{"line":751,"column":0},"end":{"line":751,"column":2}},"751":{"start":{"line":752,"column":0},"end":{"line":752,"column":19}},"752":{"start":{"line":753,"column":0},"end":{"line":753,"column":14}},"753":{"start":{"line":754,"column":0},"end":{"line":754,"column":17}},"754":{"start":{"line":755,"column":0},"end":{"line":755,"column":30}},"755":{"start":{"line":756,"column":0},"end":{"line":756,"column":89}},"756":{"start":{"line":757,"column":0},"end":{"line":757,"column":3}},"757":{"start":{"line":758,"column":0},"end":{"line":758,"column":2}},"758":{"start":{"line":759,"column":0},"end":{"line":759,"column":18}},"759":{"start":{"line":760,"column":0},"end":{"line":760,"column":14}},"760":{"start":{"line":761,"column":0},"end":{"line":761,"column":17}},"761":{"start":{"line":762,"column":0},"end":{"line":762,"column":30}},"762":{"start":{"line":763,"column":0},"end":{"line":763,"column":89}},"763":{"start":{"line":764,"column":0},"end":{"line":764,"column":3}},"764":{"start":{"line":765,"column":0},"end":{"line":765,"column":2}},"765":{"start":{"line":766,"column":0},"end":{"line":766,"column":23}},"766":{"start":{"line":767,"column":0},"end":{"line":767,"column":14}},"767":{"start":{"line":768,"column":0},"end":{"line":768,"column":17}},"768":{"start":{"line":769,"column":0},"end":{"line":769,"column":30}},"769":{"start":{"line":770,"column":0},"end":{"line":770,"column":89}},"770":{"start":{"line":771,"column":0},"end":{"line":771,"column":3}},"771":{"start":{"line":772,"column":0},"end":{"line":772,"column":2}},"772":{"start":{"line":773,"column":0},"end":{"line":773,"column":17}},"773":{"start":{"line":774,"column":0},"end":{"line":774,"column":14}},"774":{"start":{"line":775,"column":0},"end":{"line":775,"column":17}},"775":{"start":{"line":776,"column":0},"end":{"line":776,"column":30}},"776":{"start":{"line":777,"column":0},"end":{"line":777,"column":89}},"777":{"start":{"line":778,"column":0},"end":{"line":778,"column":3}},"778":{"start":{"line":779,"column":0},"end":{"line":779,"column":2}},"779":{"start":{"line":780,"column":0},"end":{"line":780,"column":42}},"780":{"start":{"line":781,"column":0},"end":{"line":781,"column":14}},"781":{"start":{"line":782,"column":0},"end":{"line":782,"column":17}},"782":{"start":{"line":783,"column":0},"end":{"line":783,"column":30}},"783":{"start":{"line":784,"column":0},"end":{"line":784,"column":89}},"784":{"start":{"line":785,"column":0},"end":{"line":785,"column":3}},"785":{"start":{"line":786,"column":0},"end":{"line":786,"column":2}},"786":{"start":{"line":787,"column":0},"end":{"line":787,"column":16}},"787":{"start":{"line":788,"column":0},"end":{"line":788,"column":14}},"788":{"start":{"line":789,"column":0},"end":{"line":789,"column":17}},"789":{"start":{"line":790,"column":0},"end":{"line":790,"column":30}},"790":{"start":{"line":791,"column":0},"end":{"line":791,"column":89}},"791":{"start":{"line":792,"column":0},"end":{"line":792,"column":3}},"792":{"start":{"line":793,"column":0},"end":{"line":793,"column":2}},"793":{"start":{"line":794,"column":0},"end":{"line":794,"column":16}},"794":{"start":{"line":795,"column":0},"end":{"line":795,"column":14}},"795":{"start":{"line":796,"column":0},"end":{"line":796,"column":17}},"796":{"start":{"line":797,"column":0},"end":{"line":797,"column":30}},"797":{"start":{"line":798,"column":0},"end":{"line":798,"column":89}},"798":{"start":{"line":799,"column":0},"end":{"line":799,"column":3}},"799":{"start":{"line":800,"column":0},"end":{"line":800,"column":2}},"800":{"start":{"line":801,"column":0},"end":{"line":801,"column":19}},"801":{"start":{"line":802,"column":0},"end":{"line":802,"column":14}},"802":{"start":{"line":803,"column":0},"end":{"line":803,"column":17}},"803":{"start":{"line":804,"column":0},"end":{"line":804,"column":30}},"804":{"start":{"line":805,"column":0},"end":{"line":805,"column":89}},"805":{"start":{"line":806,"column":0},"end":{"line":806,"column":3}},"806":{"start":{"line":807,"column":0},"end":{"line":807,"column":2}},"807":{"start":{"line":808,"column":0},"end":{"line":808,"column":17}},"808":{"start":{"line":809,"column":0},"end":{"line":809,"column":14}},"809":{"start":{"line":810,"column":0},"end":{"line":810,"column":17}},"810":{"start":{"line":811,"column":0},"end":{"line":811,"column":30}},"811":{"start":{"line":812,"column":0},"end":{"line":812,"column":89}},"812":{"start":{"line":813,"column":0},"end":{"line":813,"column":3}},"813":{"start":{"line":814,"column":0},"end":{"line":814,"column":2}},"814":{"start":{"line":815,"column":0},"end":{"line":815,"column":18}},"815":{"start":{"line":816,"column":0},"end":{"line":816,"column":14}},"816":{"start":{"line":817,"column":0},"end":{"line":817,"column":17}},"817":{"start":{"line":818,"column":0},"end":{"line":818,"column":30}},"818":{"start":{"line":819,"column":0},"end":{"line":819,"column":89}},"819":{"start":{"line":820,"column":0},"end":{"line":820,"column":3}},"820":{"start":{"line":821,"column":0},"end":{"line":821,"column":2}},"821":{"start":{"line":822,"column":0},"end":{"line":822,"column":19}},"822":{"start":{"line":823,"column":0},"end":{"line":823,"column":14}},"823":{"start":{"line":824,"column":0},"end":{"line":824,"column":17}},"824":{"start":{"line":825,"column":0},"end":{"line":825,"column":30}},"825":{"start":{"line":826,"column":0},"end":{"line":826,"column":89}},"826":{"start":{"line":827,"column":0},"end":{"line":827,"column":3}},"827":{"start":{"line":828,"column":0},"end":{"line":828,"column":2}},"828":{"start":{"line":829,"column":0},"end":{"line":829,"column":18}},"829":{"start":{"line":830,"column":0},"end":{"line":830,"column":14}},"830":{"start":{"line":831,"column":0},"end":{"line":831,"column":17}},"831":{"start":{"line":832,"column":0},"end":{"line":832,"column":30}},"832":{"start":{"line":833,"column":0},"end":{"line":833,"column":89}},"833":{"start":{"line":834,"column":0},"end":{"line":834,"column":3}},"834":{"start":{"line":835,"column":0},"end":{"line":835,"column":2}},"835":{"start":{"line":836,"column":0},"end":{"line":836,"column":17}},"836":{"start":{"line":837,"column":0},"end":{"line":837,"column":14}},"837":{"start":{"line":838,"column":0},"end":{"line":838,"column":17}},"838":{"start":{"line":839,"column":0},"end":{"line":839,"column":30}},"839":{"start":{"line":840,"column":0},"end":{"line":840,"column":89}},"840":{"start":{"line":841,"column":0},"end":{"line":841,"column":3}},"841":{"start":{"line":842,"column":0},"end":{"line":842,"column":2}},"842":{"start":{"line":843,"column":0},"end":{"line":843,"column":17}},"843":{"start":{"line":844,"column":0},"end":{"line":844,"column":14}},"844":{"start":{"line":845,"column":0},"end":{"line":845,"column":17}},"845":{"start":{"line":846,"column":0},"end":{"line":846,"column":30}},"846":{"start":{"line":847,"column":0},"end":{"line":847,"column":89}},"847":{"start":{"line":848,"column":0},"end":{"line":848,"column":3}},"848":{"start":{"line":849,"column":0},"end":{"line":849,"column":2}},"849":{"start":{"line":850,"column":0},"end":{"line":850,"column":22}},"850":{"start":{"line":851,"column":0},"end":{"line":851,"column":14}},"851":{"start":{"line":852,"column":0},"end":{"line":852,"column":17}},"852":{"start":{"line":853,"column":0},"end":{"line":853,"column":30}},"853":{"start":{"line":854,"column":0},"end":{"line":854,"column":89}},"854":{"start":{"line":855,"column":0},"end":{"line":855,"column":3}},"855":{"start":{"line":856,"column":0},"end":{"line":856,"column":2}},"856":{"start":{"line":857,"column":0},"end":{"line":857,"column":20}},"857":{"start":{"line":858,"column":0},"end":{"line":858,"column":14}},"858":{"start":{"line":859,"column":0},"end":{"line":859,"column":17}},"859":{"start":{"line":860,"column":0},"end":{"line":860,"column":30}},"860":{"start":{"line":861,"column":0},"end":{"line":861,"column":89}},"861":{"start":{"line":862,"column":0},"end":{"line":862,"column":3}},"862":{"start":{"line":863,"column":0},"end":{"line":863,"column":2}},"863":{"start":{"line":864,"column":0},"end":{"line":864,"column":20}},"864":{"start":{"line":865,"column":0},"end":{"line":865,"column":14}},"865":{"start":{"line":866,"column":0},"end":{"line":866,"column":17}},"866":{"start":{"line":867,"column":0},"end":{"line":867,"column":30}},"867":{"start":{"line":868,"column":0},"end":{"line":868,"column":89}},"868":{"start":{"line":869,"column":0},"end":{"line":869,"column":3}},"869":{"start":{"line":870,"column":0},"end":{"line":870,"column":2}},"870":{"start":{"line":871,"column":0},"end":{"line":871,"column":19}},"871":{"start":{"line":872,"column":0},"end":{"line":872,"column":14}},"872":{"start":{"line":873,"column":0},"end":{"line":873,"column":17}},"873":{"start":{"line":874,"column":0},"end":{"line":874,"column":30}},"874":{"start":{"line":875,"column":0},"end":{"line":875,"column":89}},"875":{"start":{"line":876,"column":0},"end":{"line":876,"column":3}},"876":{"start":{"line":877,"column":0},"end":{"line":877,"column":2}},"877":{"start":{"line":878,"column":0},"end":{"line":878,"column":29}},"878":{"start":{"line":879,"column":0},"end":{"line":879,"column":14}},"879":{"start":{"line":880,"column":0},"end":{"line":880,"column":17}},"880":{"start":{"line":881,"column":0},"end":{"line":881,"column":30}},"881":{"start":{"line":882,"column":0},"end":{"line":882,"column":89}},"882":{"start":{"line":883,"column":0},"end":{"line":883,"column":3}},"883":{"start":{"line":884,"column":0},"end":{"line":884,"column":2}},"884":{"start":{"line":885,"column":0},"end":{"line":885,"column":23}},"885":{"start":{"line":886,"column":0},"end":{"line":886,"column":14}},"886":{"start":{"line":887,"column":0},"end":{"line":887,"column":17}},"887":{"start":{"line":888,"column":0},"end":{"line":888,"column":30}},"888":{"start":{"line":889,"column":0},"end":{"line":889,"column":89}},"889":{"start":{"line":890,"column":0},"end":{"line":890,"column":3}},"890":{"start":{"line":891,"column":0},"end":{"line":891,"column":2}},"891":{"start":{"line":892,"column":0},"end":{"line":892,"column":23}},"892":{"start":{"line":893,"column":0},"end":{"line":893,"column":14}},"893":{"start":{"line":894,"column":0},"end":{"line":894,"column":17}},"894":{"start":{"line":895,"column":0},"end":{"line":895,"column":30}},"895":{"start":{"line":896,"column":0},"end":{"line":896,"column":89}},"896":{"start":{"line":897,"column":0},"end":{"line":897,"column":3}},"897":{"start":{"line":898,"column":0},"end":{"line":898,"column":2}},"898":{"start":{"line":899,"column":0},"end":{"line":899,"column":18}},"899":{"start":{"line":900,"column":0},"end":{"line":900,"column":14}},"900":{"start":{"line":901,"column":0},"end":{"line":901,"column":17}},"901":{"start":{"line":902,"column":0},"end":{"line":902,"column":30}},"902":{"start":{"line":903,"column":0},"end":{"line":903,"column":89}},"903":{"start":{"line":904,"column":0},"end":{"line":904,"column":3}},"904":{"start":{"line":905,"column":0},"end":{"line":905,"column":2}},"905":{"start":{"line":906,"column":0},"end":{"line":906,"column":26}},"906":{"start":{"line":907,"column":0},"end":{"line":907,"column":14}},"907":{"start":{"line":908,"column":0},"end":{"line":908,"column":17}},"908":{"start":{"line":909,"column":0},"end":{"line":909,"column":30}},"909":{"start":{"line":910,"column":0},"end":{"line":910,"column":89}},"910":{"start":{"line":911,"column":0},"end":{"line":911,"column":3}},"911":{"start":{"line":912,"column":0},"end":{"line":912,"column":2}},"912":{"start":{"line":913,"column":0},"end":{"line":913,"column":22}},"913":{"start":{"line":914,"column":0},"end":{"line":914,"column":14}},"914":{"start":{"line":915,"column":0},"end":{"line":915,"column":17}},"915":{"start":{"line":916,"column":0},"end":{"line":916,"column":30}},"916":{"start":{"line":917,"column":0},"end":{"line":917,"column":89}},"917":{"start":{"line":918,"column":0},"end":{"line":918,"column":3}},"918":{"start":{"line":919,"column":0},"end":{"line":919,"column":2}},"919":{"start":{"line":920,"column":0},"end":{"line":920,"column":16}},"920":{"start":{"line":921,"column":0},"end":{"line":921,"column":14}},"921":{"start":{"line":922,"column":0},"end":{"line":922,"column":17}},"922":{"start":{"line":923,"column":0},"end":{"line":923,"column":30}},"923":{"start":{"line":924,"column":0},"end":{"line":924,"column":89}},"924":{"start":{"line":925,"column":0},"end":{"line":925,"column":3}},"925":{"start":{"line":926,"column":0},"end":{"line":926,"column":2}},"926":{"start":{"line":927,"column":0},"end":{"line":927,"column":19}},"927":{"start":{"line":928,"column":0},"end":{"line":928,"column":14}},"928":{"start":{"line":929,"column":0},"end":{"line":929,"column":17}},"929":{"start":{"line":930,"column":0},"end":{"line":930,"column":30}},"930":{"start":{"line":931,"column":0},"end":{"line":931,"column":89}},"931":{"start":{"line":932,"column":0},"end":{"line":932,"column":3}},"932":{"start":{"line":933,"column":0},"end":{"line":933,"column":2}},"933":{"start":{"line":934,"column":0},"end":{"line":934,"column":21}},"934":{"start":{"line":935,"column":0},"end":{"line":935,"column":14}},"935":{"start":{"line":936,"column":0},"end":{"line":936,"column":17}},"936":{"start":{"line":937,"column":0},"end":{"line":937,"column":30}},"937":{"start":{"line":938,"column":0},"end":{"line":938,"column":89}},"938":{"start":{"line":939,"column":0},"end":{"line":939,"column":3}},"939":{"start":{"line":940,"column":0},"end":{"line":940,"column":2}},"940":{"start":{"line":941,"column":0},"end":{"line":941,"column":25}},"941":{"start":{"line":942,"column":0},"end":{"line":942,"column":14}},"942":{"start":{"line":943,"column":0},"end":{"line":943,"column":17}},"943":{"start":{"line":944,"column":0},"end":{"line":944,"column":30}},"944":{"start":{"line":945,"column":0},"end":{"line":945,"column":89}},"945":{"start":{"line":946,"column":0},"end":{"line":946,"column":3}},"946":{"start":{"line":947,"column":0},"end":{"line":947,"column":2}},"947":{"start":{"line":948,"column":0},"end":{"line":948,"column":21}},"948":{"start":{"line":949,"column":0},"end":{"line":949,"column":14}},"949":{"start":{"line":950,"column":0},"end":{"line":950,"column":17}},"950":{"start":{"line":951,"column":0},"end":{"line":951,"column":30}},"951":{"start":{"line":952,"column":0},"end":{"line":952,"column":89}},"952":{"start":{"line":953,"column":0},"end":{"line":953,"column":3}},"953":{"start":{"line":954,"column":0},"end":{"line":954,"column":2}},"954":{"start":{"line":955,"column":0},"end":{"line":955,"column":19}},"955":{"start":{"line":956,"column":0},"end":{"line":956,"column":14}},"956":{"start":{"line":957,"column":0},"end":{"line":957,"column":17}},"957":{"start":{"line":958,"column":0},"end":{"line":958,"column":30}},"958":{"start":{"line":959,"column":0},"end":{"line":959,"column":89}},"959":{"start":{"line":960,"column":0},"end":{"line":960,"column":3}},"960":{"start":{"line":961,"column":0},"end":{"line":961,"column":2}},"961":{"start":{"line":962,"column":0},"end":{"line":962,"column":19}},"962":{"start":{"line":963,"column":0},"end":{"line":963,"column":14}},"963":{"start":{"line":964,"column":0},"end":{"line":964,"column":17}},"964":{"start":{"line":965,"column":0},"end":{"line":965,"column":30}},"965":{"start":{"line":966,"column":0},"end":{"line":966,"column":89}},"966":{"start":{"line":967,"column":0},"end":{"line":967,"column":3}},"967":{"start":{"line":968,"column":0},"end":{"line":968,"column":2}},"968":{"start":{"line":969,"column":0},"end":{"line":969,"column":21}},"969":{"start":{"line":970,"column":0},"end":{"line":970,"column":14}},"970":{"start":{"line":971,"column":0},"end":{"line":971,"column":17}},"971":{"start":{"line":972,"column":0},"end":{"line":972,"column":30}},"972":{"start":{"line":973,"column":0},"end":{"line":973,"column":89}},"973":{"start":{"line":974,"column":0},"end":{"line":974,"column":3}},"974":{"start":{"line":975,"column":0},"end":{"line":975,"column":2}},"975":{"start":{"line":976,"column":0},"end":{"line":976,"column":22}},"976":{"start":{"line":977,"column":0},"end":{"line":977,"column":14}},"977":{"start":{"line":978,"column":0},"end":{"line":978,"column":17}},"978":{"start":{"line":979,"column":0},"end":{"line":979,"column":30}},"979":{"start":{"line":980,"column":0},"end":{"line":980,"column":89}},"980":{"start":{"line":981,"column":0},"end":{"line":981,"column":3}},"981":{"start":{"line":982,"column":0},"end":{"line":982,"column":2}},"982":{"start":{"line":983,"column":0},"end":{"line":983,"column":18}},"983":{"start":{"line":984,"column":0},"end":{"line":984,"column":14}},"984":{"start":{"line":985,"column":0},"end":{"line":985,"column":17}},"985":{"start":{"line":986,"column":0},"end":{"line":986,"column":30}},"986":{"start":{"line":987,"column":0},"end":{"line":987,"column":89}},"987":{"start":{"line":988,"column":0},"end":{"line":988,"column":3}},"988":{"start":{"line":989,"column":0},"end":{"line":989,"column":2}},"989":{"start":{"line":990,"column":0},"end":{"line":990,"column":17}},"990":{"start":{"line":991,"column":0},"end":{"line":991,"column":14}},"991":{"start":{"line":992,"column":0},"end":{"line":992,"column":17}},"992":{"start":{"line":993,"column":0},"end":{"line":993,"column":30}},"993":{"start":{"line":994,"column":0},"end":{"line":994,"column":89}},"994":{"start":{"line":995,"column":0},"end":{"line":995,"column":3}},"995":{"start":{"line":996,"column":0},"end":{"line":996,"column":2}},"996":{"start":{"line":997,"column":0},"end":{"line":997,"column":19}},"997":{"start":{"line":998,"column":0},"end":{"line":998,"column":14}},"998":{"start":{"line":999,"column":0},"end":{"line":999,"column":17}},"999":{"start":{"line":1000,"column":0},"end":{"line":1000,"column":30}},"1000":{"start":{"line":1001,"column":0},"end":{"line":1001,"column":89}},"1001":{"start":{"line":1002,"column":0},"end":{"line":1002,"column":3}},"1002":{"start":{"line":1003,"column":0},"end":{"line":1003,"column":2}},"1003":{"start":{"line":1004,"column":0},"end":{"line":1004,"column":18}},"1004":{"start":{"line":1005,"column":0},"end":{"line":1005,"column":14}},"1005":{"start":{"line":1006,"column":0},"end":{"line":1006,"column":17}},"1006":{"start":{"line":1007,"column":0},"end":{"line":1007,"column":30}},"1007":{"start":{"line":1008,"column":0},"end":{"line":1008,"column":89}},"1008":{"start":{"line":1009,"column":0},"end":{"line":1009,"column":3}},"1009":{"start":{"line":1010,"column":0},"end":{"line":1010,"column":2}},"1010":{"start":{"line":1011,"column":0},"end":{"line":1011,"column":19}},"1011":{"start":{"line":1012,"column":0},"end":{"line":1012,"column":14}},"1012":{"start":{"line":1013,"column":0},"end":{"line":1013,"column":17}},"1013":{"start":{"line":1014,"column":0},"end":{"line":1014,"column":30}},"1014":{"start":{"line":1015,"column":0},"end":{"line":1015,"column":89}},"1015":{"start":{"line":1016,"column":0},"end":{"line":1016,"column":3}},"1016":{"start":{"line":1017,"column":0},"end":{"line":1017,"column":2}},"1017":{"start":{"line":1018,"column":0},"end":{"line":1018,"column":22}},"1018":{"start":{"line":1019,"column":0},"end":{"line":1019,"column":14}},"1019":{"start":{"line":1020,"column":0},"end":{"line":1020,"column":17}},"1020":{"start":{"line":1021,"column":0},"end":{"line":1021,"column":30}},"1021":{"start":{"line":1022,"column":0},"end":{"line":1022,"column":89}},"1022":{"start":{"line":1023,"column":0},"end":{"line":1023,"column":3}},"1023":{"start":{"line":1024,"column":0},"end":{"line":1024,"column":2}},"1024":{"start":{"line":1025,"column":0},"end":{"line":1025,"column":22}},"1025":{"start":{"line":1026,"column":0},"end":{"line":1026,"column":14}},"1026":{"start":{"line":1027,"column":0},"end":{"line":1027,"column":17}},"1027":{"start":{"line":1028,"column":0},"end":{"line":1028,"column":30}},"1028":{"start":{"line":1029,"column":0},"end":{"line":1029,"column":89}},"1029":{"start":{"line":1030,"column":0},"end":{"line":1030,"column":3}},"1030":{"start":{"line":1031,"column":0},"end":{"line":1031,"column":2}},"1031":{"start":{"line":1032,"column":0},"end":{"line":1032,"column":22}},"1032":{"start":{"line":1033,"column":0},"end":{"line":1033,"column":14}},"1033":{"start":{"line":1034,"column":0},"end":{"line":1034,"column":17}},"1034":{"start":{"line":1035,"column":0},"end":{"line":1035,"column":30}},"1035":{"start":{"line":1036,"column":0},"end":{"line":1036,"column":89}},"1036":{"start":{"line":1037,"column":0},"end":{"line":1037,"column":3}},"1037":{"start":{"line":1038,"column":0},"end":{"line":1038,"column":2}},"1038":{"start":{"line":1039,"column":0},"end":{"line":1039,"column":28}},"1039":{"start":{"line":1040,"column":0},"end":{"line":1040,"column":14}},"1040":{"start":{"line":1041,"column":0},"end":{"line":1041,"column":17}},"1041":{"start":{"line":1042,"column":0},"end":{"line":1042,"column":30}},"1042":{"start":{"line":1043,"column":0},"end":{"line":1043,"column":89}},"1043":{"start":{"line":1044,"column":0},"end":{"line":1044,"column":3}},"1044":{"start":{"line":1045,"column":0},"end":{"line":1045,
[...]
{"line":16,"column":0}},"16":{"start":{"line":17,"column":0},"end":{"line":17,"column":35}},"17":{"start":{"line":18,"column":0},"end":{"line":18,"column":22}},"18":{"start":{"line":19,"column":0},"end":{"line":19,"column":30}},"19":{"start":{"line":20,"column":0},"end":{"line":20,"column":21}},"20":{"start":{"line":21,"column":0},"end":{"line":21,"column":20}},"21":{"start":{"line":22,"column":0},"end":{"line":22,"column":29}},"22":{"start":{"line":23,"column":0},"end":{"line":23,"column":4}},"23":{"start":{"line":24,"column":0},"end":{"line":24,"column":0}},"24":{"start":{"line":25,"column":0},"end":{"line":25,"column":75}},"25":{"start":{"line":26,"column":0},"end":{"line":26,"column":0}},"26":{"start":{"line":27,"column":0},"end":{"line":27,"column":37}},"27":{"start":{"line":28,"column":0},"end":{"line":28,"column":23}},"28":{"start":{"line":29,"column":0},"end":{"line":29,"column":0}},"29":{"start":{"line":30,"column":0},"end":{"line":30,"column":20}},"30":{"start":{"line":31,"column":0},"end":{"line":31,"column":19}},"31":{"start":{"line":32,"column":0},"end":{"line":32,"column":21}},"32":{"start":{"line":33,"column":0},"end":{"line":33,"column":24}},"33":{"start":{"line":34,"column":0},"end":{"line":34,"column":25}},"34":{"start":{"line":35,"column":0},"end":{"line":35,"column":6}},"35":{"start":{"line":36,"column":0},"end":{"line":36,"column":0}},"36":{"start":{"line":37,"column":0},"end":{"line":37,"column":9}},"37":{"start":{"line":38,"column":0},"end":{"line":38,"column":60}},"38":{"start":{"line":39,"column":0},"end":{"line":39,"column":23}},"39":{"start":{"line":40,"column":0},"end":{"line":40,"column":9}},"40":{"start":{"line":41,"column":0},"end":{"line":41,"column":0}},"41":{"start":{"line":42,"column":0},"end":{"line":42,"column":33}},"42":{"start":{"line":43,"column":0},"end":{"line":43,"column":34}},"43":{"start":{"line":44,"column":0},"end":{"line":44,"column":79}},"44":{"start":{"line":45,"column":0},"end":{"line":45,"column":51}},"45":{"start":{"line":46,"column":0},"end":{"line":46,"column":21}},"46":{"start":{"line":47,"column":0},"end":{"line":47,"column":37}},"47":{"start":{"line":48,"column":0},"end":{"line":48,"column":5}},"48":{"start":{"line":49,"column":0},"end":{"line":49,"column":4}},"49":{"start":{"line":50,"column":0},"end":{"line":50,"column":0}},"50":{"start":{"line":51,"column":0},"end":{"line":51,"column":10}},"51":{"start":{"line":52,"column":0},"end":{"line":52,"column":28}},"52":{"start":{"line":53,"column":0},"end":{"line":53,"column":25}},"53":{"start":{"line":54,"column":0},"end":{"line":54,"column":51}},"54":{"start":{"line":55,"column":0},"end":{"line":55,"column":12}},"55":{"start":{"line":56,"column":0},"end":{"line":56,"column":28}},"56":{"start":{"line":57,"column":0},"end":{"line":57,"column":18}},"57":{"start":{"line":58,"column":0},"end":{"line":58,"column":35}},"58":{"start":{"line":59,"column":0},"end":{"line":59,"column":31}},"59":{"start":{"line":60,"column":0},"end":{"line":60,"column":37}},"60":{"start":{"line":61,"column":0},"end":{"line":61,"column":31}},"61":{"start":{"line":62,"column":0},"end":{"line":62,"column":45}},"62":{"start":{"line":63,"column":0},"end":{"line":63,"column":51}},"63":{"start":{"line":64,"column":0},"end":{"line":64,"column":43}},"64":{"start":{"line":65,"column":0},"end":{"line":65,"column":49}},"65":{"start":{"line":66,"column":0},"end":{"line":66,"column":45}},"66":{"start":{"line":67,"column":0},"end":{"line":67,"column":10}},"67":{"start":{"line":68,"column":0},"end":{"line":68,"column":12}},"68":{"start":{"line":69,"column":0},"end":{"line":69,"column":10}},"69":{"start":{"line":70,"column":0},"end":{"line":70,"column":4}},"70":{"start":{"line":71,"column":0},"end":{"line":71,"column":2}},"71":{"start":{"line":72,"column":0},"end":{"line":72,"column":0}},"72":{"start":{"line":73,"column":0},"end":{"line":73,"column":23}}},"s":{"0":1,"1":1,"2":1,"3":1,"4":1,"5":1,"6":1,"7":0,"8":0,"9":0,"10":0,"11":0,"12":0,"13":0,"14":0,"15":0,"16":0,"17":0,"18":0,"19":0,"20":0,"21":0,"22":0,"23":0,"24":0,"25":0,"26":0,"27":0,"28":0,"29":0,"30":0,"31":0,"32":0,"33":0,"34":0,"35":0,"36":0,"37":0,"38":0,"39":0,"40":0,"41":0,"42":0,"43":0,"44":0,"45":0,"46":0,"47":0,"48":0,"49":0,"50":0,"51":0,"52":0,"53":0,"54":0,"55":0,"56":0,"57":0,"58":0,"59":0,"60":0,"61":0,"62":0,"63":0,"64":0,"65":0,"66":0,"67":0,"68":0,"69":0,"70":0,"71":1,"72":1},"branchMap":{},"b":{},"fnMap":{"0":{"name":"MapPage","decl":{"start":{"line":7,"column":16},"end":{"line":71,"column":2}},"loc":{"start":{"line":7,"column":16},"end":{"line":71,"column":2}},"line":7}},"f":{"0":0}}
,"/Users/charkie/LFA/lap4/project/fe/front-end/src/pages/MessagePage/index.jsx": {"path":"/Users/charkie/LFA/lap4/project/fe/front-end/src/pages/MessagePage/index.jsx","all":false,"statementMap":{"0":{"start":{"line":1,"column":0},"end":{"line":1,"column":25}},"1":{"start":{"line":2,"column":0},"end":{"line":2,"column":39}},"2":{"start":{"line":3,"column":0},"end":{"line":3,"column":0}},"3":{"start":{"line":4,"column":0},"end":{"line":4,"column":27}},"4":{"start":{"line":5,"column":0},"end":{"line":5,"column":10}},"5":{"start":{"line":6,"column":0},"end":{"line":6,"column":23}},"6":{"start":{"line":7,"column":0},"end":{"line":7,"column":3}},"7":{"start":{"line":8,"column":0},"end":{"line":8,"column":1}},"8":{"start":{"line":9,"column":0},"end":{"line":9,"column":0}},"9":{"start":{"line":10,"column":0},"end":{"line":10,"column":26}}},"s":{"0":1,"1":1,"2":1,"3":1,"4":0,"5":0,"6":0,"7":0,"8":1,"9":1},"branchMap":{},"b":{},"fnMap":{"0":{"name":"MessagePage","decl":{"start":{"line":4,"column":20},"end":{"line":8,"column":1}},"loc":{"start":{"line":4,"column":20},"end":{"line":8,"column":1}},"line":4}},"f":{"0":0}}
,"/Users/charkie/LFA/lap4/project/fe/front-end/src/pages/NewRecipePage/index.jsx": {"path":"/Users/charkie/LFA/lap4/project/fe/front-end/src/pages/NewRecipePage/index.jsx","all":false,"statementMap":{"0":{"start":{"line":1,"column":0},"end":{"line":1,"column":25}},"1":{"start":{"line":2,"column":0},"end":{"line":2,"column":45}},"2":{"start":{"line":3,"column":0},"end":{"line":3,"column":0}},"3":{"start":{"line":4,"column":0},"end":{"line":4,"column":29}},"4":{"start":{"line":5,"column":0},"end":{"line":5,"column":10}},"5":{"start":{"line":6,"column":0},"end":{"line":6,"column":6}},"6":{"start":{"line":7,"column":0},"end":{"line":7,"column":40}},"7":{"start":{"line":8,"column":0},"end":{"line":8,"column":20}},"8":{"start":{"line":9,"column":0},"end":{"line":9,"column":7}},"9":{"start":{"line":10,"column":0},"end":{"line":10,"column":3}},"10":{"start":{"line":11,"column":0},"end":{"line":11,"column":1}},"11":{"start":{"line":12,"column":0},"end":{"line":12,"column":0}},"12":{"start":{"line":13,"column":0},"end":{"line":13,"column":28}}},"s":{"0":1,"1":1,"2":1,"3":1,"4":0,"5":0,"6":0,"7":0,"8":0,"9":0,"10":0,"11":1,"12":1},"branchMap":{},"b":{},"fnMap":{"0":{"name":"NewRecipePage","decl":{"start":{"line":4,"column":22},"end":{"line":11,"column":1}},"loc":{"start":{"line":4,"column":22},"end":{"line":11,"column":1}},"line":4}},"f":{"0":0}}
,"/Users/charkie/LFA/lap4/project/fe/front-end/src/pages/RecipePage/index.jsx": {"path":"/Users/charkie/LFA/lap4/project/fe/front-end/src/pages/RecipePage/index.jsx","all":false,"statementMap":{"0":{"start":{"line":1,"column":0},"end":{"line":1,"column":50}},"1":{"start":{"line":2,"column":0},"end":{"line":2,"column":25}},"2":{"start":{"line":3,"column":0},"end":{"line":3,"column":59}},"3":{"start":{"line":4,"column":0},"end":{"line":4,"column":44}},"4":{"start":{"line":5,"column":0},"end":{"line":5,"column":0}},"5":{"start":{"line":6,"column":0},"end":{"line":6,"column":26}},"6":{"start":{"line":7,"column":0},"end":{"line":7,"column":42}},"7":{"start":{"line":8,"column":0},"end":{"line":8,"column":34}},"8":{"start":{"line":9,"column":0},"end":{"line":9,"column":46}},"9":{"start":{"line":10,"column":0},"end":{"line":10,"column":0}},"10":{"start":{"line":11,"column":0},"end":{"line":11,"column":19}},"11":{"start":{"line":12,"column":0},"end":{"line":12,"column":33}},"12":{"start":{"line":13,"column":0},"end":{"line":13,"column":79}},"13":{"start":{"line":14,"column":0},"end":{"line":14,"column":42}},"14":{"start":{"line":15,"column":0},"end":{"line":15,"column":28}},"15":{"start":{"line":16,"column":0},"end":{"line":16,"column":23}},"16":{"start":{"line":17,"column":0},"end":{"line":17,"column":5}},"17":{"start":{"line":18,"column":0},"end":{"line":18,"column":16}},"18":{"start":{"line":19,"column":0},"end":{"line":19,"column":41}},"19":{"start":{"line":20,"column":0},"end":{"line":20,"column":10}},"20":{"start":{"line":21,"column":0},"end":{"line":21,"column":46}},"21":{"start":{"line":22,"column":0},"end":{"line":22,"column":44}},"22":{"start":{"line":23,"column":0},"end":{"line":23,"column":6}},"23":{"start":{"line":24,"column":0},"end":{"line":24,"column":4}},"24":{"start":{"line":25,"column":0},"end":{"line":25,"column":13}},"25":{"start":{"line":26,"column":0},"end":{"line":26,"column":20}},"26":{"start":{"line":27,"column":0},"end":{"line":27,"column":24}},"27":{"start":{"line":28,"column":0},"end":{"line":28,"column":30}},"28":{"start":{"line":29,"column":0},"end":{"line":29,"column":31}},"29":{"start":{"line":30,"column":0},"end":{"line":30,"column":26}},"30":{"start":{"line":31,"column":0},"end":{"line":31,"column":30}},"31":{"start":{"line":32,"column":0},"end":{"line":32,"column":38}},"32":{"start":{"line":33,"column":0},"end":{"line":33,"column":26}},"33":{"start":{"line":34,"column":0},"end":{"line":34,"column":8}},"34":{"start":{"line":35,"column":0},"end":{"line":35,"column":210}},"35":{"start":{"line":36,"column":0},"end":{"line":36,"column":7}},"36":{"start":{"line":37,"column":0},"end":{"line":37,"column":0}},"37":{"start":{"line":38,"column":0},"end":{"line":38,"column":3}},"38":{"start":{"line":39,"column":0},"end":{"line":39,"column":1}},"39":{"start":{"line":40,"column":0},"end":{"line":40,"column":0}},"40":{"start":{"line":41,"column":0},"end":{"line":41,"column":25}}},"s":{"0":1,"1":1,"2":1,"3":1,"4":1,"5":1,"6":0,"7":0,"8":0,"9":0,"10":0,"11":0,"12":0,"13":0,"14":0,"15":0,"16":0,"17":0,"18":0,"19":0,"20":0,"21":0,"22":0,"23":0,"24":0,"25":0,"26":0,"27":0,"28":0,"29":0,"30":0,"31":0,"32":0,"33":0,"34":0,"35":0,"36":0,"37":0,"38":0,"39":1,"40":1},"branchMap":{},"b":{},"fnMap":{"0":{"name":"RecipePage","decl":{"start":{"line":6,"column":19},"end":{"line":39,"column":1}},"loc":{"start":{"line":6,"column":19},"end":{"line":39,"column":1}},"line":6}},"f":{"0":0}}
,"/Users/charkie/LFA/lap4/project/fe/front-end/src/pages/RegisterPage/index.jsx": {"path":"/Users/charkie/LFA/lap4/project/fe/front-end/src/pages/RegisterPage/index.jsx","all":false,"statementMap":{"0":{"start":{"line":1,"column":0},"end":{"line":1,"column":26}},"1":{"start":{"line":2,"column":0},"end":{"line":2,"column":49}},"2":{"start":{"line":3,"column":0},"end":{"line":3,"column":0}},"3":{"start":{"line":4,"column":0},"end":{"line":4,"column":0}},"4":{"start":{"line":5,"column":0},"end":{"line":5,"column":0}},"5":{"start":{"line":6,"column":0},"end":{"line":6,"column":28}},"6":{"start":{"line":7,"column":0},"end":{"line":7,"column":10}},"7":{"start":{"line":8,"column":0},"end":{"line":8,"column":14}},"8":{"start":{"line":9,"column":0},"end":{"line":9,"column":3}},"9":{"start":{"line":10,"column":0},"end":{"line":10,"column":1}},"10":{"start":{"line":11,"column":0},"end":{"line":11,"column":0}},"11":{"start":{"line":12,"column":0},"end":{"line":12,"column":27}}},"s":{"0":1,"1":1,"2":1,"3":1,"4":1,"5":1,"6":0,"7":0,"8":0,"9":0,"10":1,"11":1},"branchMap":{},"b":{},"fnMap":{"0":{"name":"RegisterPage","decl":{"start":{"line":6,"column":21},"end":{"line":10,"column":1}},"loc":{"start":{"line":6,"column":21},"end":{"line":10,"column":1}},"line":6}},"f":{"0":0}}
,"/Users/charkie/LFA/lap4/project/fe/front-end/src/pages/SavedRecipesPage/index.jsx": {"path":"/Users/charkie/LFA/lap4/project/fe/front-end/src/pages/SavedRecipesPage/index.jsx","all":false,"statementMap":{"0":{"start":{"line":1,"column":0},"end":{"line":1,"column":51}},"1":{"start":{"line":2,"column":0},"end":{"line":2,"column":26}},"2":{"start":{"line":3,"column":0},"end":{"line":3,"column":40}},"3":{"start":{"line":4,"column":0},"end":{"line":4,"column":28}},"4":{"start":{"line":5,"column":0},"end":{"line":5,"column":66}},"5":{"start":{"line":6,"column":0},"end":{"line":6,"column":48}},"6":{"start":{"line":7,"column":0},"end":{"line":7,"column":47}},"7":{"start":{"line":8,"column":0},"end":{"line":8,"column":0}},"8":{"start":{"line":9,"column":0},"end":{"line":9,"column":0}},"9":{"start":{"line":10,"column":0},"end":{"line":10,"column":0}},"10":{"start":{"line":11,"column":0},"end":{"line":11,"column":32}},"11":{"start":{"line":12,"column":0},"end":{"line":12,"column":47}},"12":{"start":{"line":13,"column":0},"end":{"line":13,"column":18}},"13":{"start":{"line":14,"column":0},"end":{"line":14,"column":51}},"14":{"start":{"line":15,"column":0},"end":{"line":15,"column":48}},"15":{"start":{"line":16,"column":0},"end":{"line":16,"column":0}},"16":{"start":{"line":17,"column":0},"end":{"line":17,"column":41}},"17":{"start":{"line":18,"column":0},"end":{"line":18,"column":0}},"18":{"start":{"line":19,"column":0},"end":{"line":19,"column":30}},"19":{"start":{"line":20,"column":0},"end":{"line":20,"column":12}},"20":{"start":{"line":21,"column":0},"end":{"line":21,"column":28}},"21":{"start":{"line":22,"column":0},"end":{"line":22,"column":5}},"22":{"start":{"line":23,"column":0},"end":{"line":23,"column":4}},"23":{"start":{"line":24,"column":0},"end":{"line":24,"column":0}},"24":{"start":{"line":25,"column":0},"end":{"line":25,"column":41}},"25":{"start":{"line":26,"column":0},"end":{"line":26,"column":0}},"26":{"start":{"line":27,"column":0},"end":{"line":27,"column":19}},"27":{"start":{"line":28,"column":0},"end":{"line":28,"column":38}},"28":{"start":{"line":29,"column":0},"end":{"line":29,"column":11}},"29":{"start":{"line":30,"column":0},"end":{"line":30,"column":78}},"30":{"start":{"line":31,"column":0},"end":{"line":31,"column":47}},"31":{"start":{"line":32,"column":0},"end":{"line":32,"column":31}},"32":{"start":{"line":33,"column":0},"end":{"line":33,"column":23}},"33":{"start":{"line":34,"column":0},"end":{"line":34,"column":62}},"34":{"start":{"line":35,"column":0},"end":{"line":35,"column":7}},"35":{"start":{"line":36,"column":0},"end":{"line":36,"column":5}},"36":{"start":{"line":37,"column":0},"end":{"line":37,"column":22}},"37":{"start":{"line":38,"column":0},"end":{"line":38,"column":9}},"38":{"start":{"line":39,"column":0},"end":{"line":39,"column":0}},"39":{"start":{"line":40,"column":0},"end":{"line":40,"column":25}},"40":{"start":{"line":41,"column":0},"end":{"line":41,"column":0}},"41":{"start":{"line":42,"column":0},"end":{"line":42,"column":10}},"42":{"start":{"line":43,"column":0},"end":{"line":43,"column":88}},"43":{"start":{"line":44,"column":0},"end":{"line":44,"column":28}},"44":{"start":{"line":45,"column":0},"end":{"line":45,"column":30}},"45":{"start":{"line":46,"column":0},"end":{"line":46,"column":12}},"46":{"start":{"line":47,"column":0},"end":{"line":47,"column":0}},"47":{"start":{"line":48,"column":0},"end":{"line":48,"column":35}},"48":{"start":{"line":49,"column":0},"end":{"line":49,"column":44}},"49":{"start":{"line":50,"column":0},"end":{"line":50,"column":134}},"50":{"start":{"line":51,"column":0},"end":{"line":51,"column":39}},"51":{"start":{"line":52,"column":0},"end":{"line":52,"column":31}},"52":{"start":{"line":53,"column":0},"end":{"line":53,"column":63}},"53":{"start":{"line":54,"column":0},"end":{"line":54,"column":18}},"54":{"start":{"line":55,"column":0},"end":{"line":55,"column":12}},"55":{"start":{"line":56,"column":0},"end":{"line":56,"column":43}},"56":{"start":{"line":57,"column":0},"end":{"line":57,"column":36}},"57":{"start":{"line":58,"column":0},"end":{"line":58,"column":37}},"58":{"start":{"line":59,"column":0},"end":{"line":59,"column":18}},"59":{"start":{"line":60,"column":0},"end":{"line":60,"column":12}},"60":{"start":{"line":61,"column":0},"end":{"line":61,"column":39}},"61":{"start":{"line":62,"column":0},"end":{"line":62,"column":18}},"62":{"start":{"line":63,"column":0},"end":{"line":63,"column":16}},"63":{"start":{"line":64,"column":0},"end":{"line":64,"column":17}},"64":{"start":{"line":65,"column":0},"end":{"line":65,"column":11}},"65":{"start":{"line":66,"column":0},"end":{"line":66,"column":12}},"66":{"start":{"line":67,"column":0},"end":{"line":67,"column":10}},"67":{"start":{"line":68,"column":0},"end":{"line":68,"column":4}},"68":{"start":{"line":69,"column":0},"end":{"line":69,"column":2}},"69":{"start":{"line":70,"column":0},"end":{"line":70,"column":0}},"70":{"start":{"line":71,"column":0},"end":{"line":71,"column":32}}},"s":{"0":1,"1":1,"2":1,"3":1,"4":1,"5":1,"6":1,"7":1,"8":1,"9":1,"10":1,"11":2,"12":2,"13":2,"14":2,"15":2,"16":2,"17":2,"18":2,"19":2,"20":2,"21":2,"22":2,"23":2,"24":2,"25":2,"26":2,"27":2,"28":2,"29":2,"30":0,"31":0,"32":0,"33":0,"34":0,"35":2,"36":2,"37":2,"38":2,"39":2,"40":2,"41":2,"42":2,"43":2,"44":2,"45":2,"46":2,"47":2,"48":2,"49":0,"50":0,"51":0,"52":0,"53":0,"54":0,"55":0,"56":0,"57":0,"58":0,"59":0,"60":0,"61":0,"62":0,"63":0,"64":2,"65":2,"66":2,"67":2,"68":2,"69":1,"70":1},"branchMap":{"0":{"type":"branch","line":11,"loc":{"start":{"line":11,"column":25},"end":{"line":69,"column":2}},"locations":[{"start":{"line":11,"column":25},"end":{"line":69,"column":2}}]},"1":{"type":"branch","line":43,"loc":{"start":{"line":43,"column":62},"end":{"line":43,"column":84}},"locations":[{"start":{"line":43,"column":62},"end":{"line":43,"column":84}}]},"2":{"type":"branch","line":27,"loc":{"start":{"line":27,"column":12},"end":{"line":38,"column":5}},"locations":[{"start":{"line":27,"column":12},"end":{"line":38,"column":5}}]},"3":{"type":"branch","line":28,"loc":{"start":{"line":28,"column":4},"end":{"line":36,"column":5}},"locations":[{"start":{"line":28,"column":4},"end":{"line":36,"column":5}}]},"4":{"type":"branch","line":30,"loc":{"start":{"line":30,"column":76},"end":{"line":35,"column":7}},"locations":[{"start":{"line":30,"column":76},"end":{"line":35,"column":7}}]}},"b":{"0":[2],"1":[0],"2":[2],"3":[2],"4":[0]},"fnMap":{"0":{"name":"SavedRecipesPage","decl":{"start":{"line":11,"column":25},"end":{"line":69,"column":2}},"loc":{"start":{"line":11,"column":25},"end":{"line":69,"column":2}},"line":11},"1":{"name":"getSavedRecipes","decl":{"start":{"line":28,"column":4},"end":{"line":36,"column":5}},"loc":{"start":{"line":28,"column":4},"end":{"line":36,"column":5}},"line":28}},"f":{"0":2,"1":2}}
,"/Users/charkie/LFA/lap4/project/fe/front-end/src/pages/SearchPage/SearchPage.jsx": {"path":"/Users/charkie/LFA/lap4/project/fe/front-end/src/pages/SearchPage/SearchPage.jsx","all":false,"statementMap":{"0":{"start":{"line":1,"column":0},"end":{"line":1,"column":25}},"1":{"start":{"line":2,"column":0},"end":{"line":2,"column":72}},"2":{"start":{"line":3,"column":0},"end":{"line":3,"column":0}},"3":{"start":{"line":4,"column":0},"end":{"line":4,"column":26}},"4":{"start":{"line":5,"column":0},"end":{"line":5,"column":10}},"5":{"start":{"line":6,"column":0},"end":{"line":6,"column":9}},"6":{"start":{"line":7,"column":0},"end":{"line":7,"column":24}},"7":{"start":{"line":8,"column":0},"end":{"line":8,"column":25}},"8":{"start":{"line":9,"column":0},"end":{"line":9,"column":10}},"9":{"start":{"line":10,"column":0},"end":{"line":10,"column":3}},"10":{"start":{"line":11,"column":0},"end":{"line":11,"column":1}},"11":{"start":{"line":12,"column":0},"end":{"line":12,"column":0}},"12":{"start":{"line":13,"column":0},"end":{"line":13,"column":25}}},"s":{"0":1,"1":1,"2":1,"3":1,"4":0,"5":0,"6":0,"7":0,"8":0,"9":0,"10":0,"11":1,"12":1},"branchMap":{},"b":{},"fnMap":{"0":{"name":"SearchPage","decl":{"start":{"line":4,"column":19},"end":{"line":11,"column":1}},"loc":{"start":{"line":4,"column":19},"end":{"line":11,"column":1}},"line":4}},"f":{"0":0}}
}
